\BOOKMARK [0][-]{chapter.1}{Einf\374hrung}{}% 1
\BOOKMARK [1][-]{section.1.1}{Projektteam}{chapter.1}% 2
\BOOKMARK [1][-]{section.1.2}{Projektbetreuer}{chapter.1}% 3
\BOOKMARK [1][-]{section.1.3}{Aufgabeneinteilung}{chapter.1}% 4
\BOOKMARK [0][-]{chapter.2}{Einleitung}{}% 5
\BOOKMARK [1][-]{section.2.1}{Motivation}{chapter.2}% 6
\BOOKMARK [1][-]{section.2.2}{Ausgangssituation}{chapter.2}% 7
\BOOKMARK [1][-]{section.2.3}{Zielsetzung}{chapter.2}% 8
\BOOKMARK [1][-]{section.2.4}{Leitfaden}{chapter.2}% 9
\BOOKMARK [0][-]{chapter.3}{Stand der Technik}{}% 10
\BOOKMARK [1][-]{section.3.1}{Section}{chapter.3}% 11
\BOOKMARK [0][-]{chapter.4}{Gesamt Konzept}{}% 12
\BOOKMARK [1][-]{section.4.1}{Section}{chapter.4}% 13
\BOOKMARK [0][-]{chapter.5}{Mechanische Umsetzung}{}% 14
\BOOKMARK [1][-]{section.5.1}{Section}{chapter.5}% 15
\BOOKMARK [0][-]{chapter.6}{Zentralsteuerung}{}% 16
\BOOKMARK [1][-]{section.6.1}{Section}{chapter.6}% 17
\BOOKMARK [0][-]{chapter.7}{Antriebsstrang}{}% 18
\BOOKMARK [1][-]{section.7.1}{Section}{chapter.7}% 19
\BOOKMARK [0][-]{chapter.8}{Akku und Ladekonzept}{}% 20
\BOOKMARK [1][-]{section.8.1}{Section}{chapter.8}% 21
\BOOKMARK [0][-]{chapter.9}{Genutze Technologien}{}% 22
\BOOKMARK [1][-]{section.9.1}{Section}{chapter.9}% 23
\BOOKMARK [0][-]{chapter.10}{Endergebnis - Alternative L\366sungswege}{}% 24
\BOOKMARK [1][-]{section.10.1}{Section}{chapter.10}% 25
\BOOKMARK [0][-]{section.10.1}{Abbildungsverzeichnis}{}% 26
\BOOKMARK [0][-]{chapter*.2}{Tabellenverzeichnis}{}% 27
\BOOKMARK [0][-]{appendix.A}{Anhang}{}% 28
\BOOKMARK [1][-]{section.A.1}{Zeitplan}{appendix.A}% 29
\BOOKMARK [1][-]{section.A.2}{Kosten}{appendix.A}% 30
\BOOKMARK [1][-]{section.A.3}{Arbeitsnachweis}{appendix.A}% 31
