This is pdfTeX, Version 3.14159265-2.6-1.40.21 (MiKTeX 21.1) (preloaded format=pdflatex 2021.2.8)  12 FEB 2021 21:58
entering extended mode
**./index.tex
(index.tex
LaTeX2e <2020-10-01> patch level 4
L3 programming layer <2021-01-09> xparse <2020-03-03>
! Undefined control sequence.
l.1 \tableofcontents
                    
The control sequence at the end of the top line
of your error message was never \def'ed. If you have
misspelled it (e.g., `\hobx'), type `I' and the correct
spelling (e.g., `I\hbox'). Otherwise just continue,
and I'll forget about whatever was undefined.

\bibdata{literatur}
No file index.bbl.
)
! Emergency stop.
<*> ./index.tex
               
*** (job aborted, no legal \end found)

 
Here is how much of TeX's memory you used:
 19 strings out of 479618
 479 string characters out of 2865027
 270099 words of memory out of 3000000
 17292 multiletter control sequences out of 15000+200000
 403430 words of font info for 27 fonts, out of 3000000 for 9000
 1141 hyphenation exceptions out of 8191
 29i,0n,36p,71b,14s stack positions out of 5000i,500n,10000p,200000b,50000s
!  ==> Fatal error occurred, no output PDF file produced!
