This is pdfTeX, Version 3.14159265-2.6-1.40.20 (MiKTeX 2.9.7200 64-bit) (preloaded format=latex 2021.3.5)  5 MAR 2021 10:12
entering extended mode
**./chapters.tex
(chapters.tex
LaTeX2e <2019-10-01>

! LaTeX Error: File `content/ch_einführung.tex' not found.

Type X to quit or <RETURN> to proceed,
or enter new name. (Default extension: tex)

Enter file name: 
! Emergency stop.
<read *> 
         
l.3 \input{content/ch_einführung}
                                  
*** (cannot \read from terminal in nonstop modes)

 
Here is how much of TeX's memory you used:
 10 strings out of 492453
 348 string characters out of 3116353
 58862 words of memory out of 3000000
 4467 multiletter control sequences out of 15000+200000
 3640 words of font info for 14 fonts, out of 3000000 for 9000
 1141 hyphenation exceptions out of 8191
 8i,0n,7p,70b,10s stack positions out of 5000i,500n,10000p,200000b,50000s
No pages of output.
