This is pdfTeX, Version 3.14159265-2.6-1.40.21 (MiKTeX 21.1) (preloaded format=pdflatex 2021.2.8)  20 FEB 2021 11:21
entering extended mode
**./diplomarbeit.tex
(diplomarbeit.tex
LaTeX2e <2020-10-01> patch level 4
L3 programming layer <2021-01-09> xparse <2020-03-03>
(C:\Users\marti\AppData\Local\Programs\MiKTeX\tex/latex/base\report.cls
Document Class: report 2020/04/10 v1.4m Standard LaTeX document class
(C:\Users\marti\AppData\Local\Programs\MiKTeX\tex/latex/base\size10.clo
File: size10.clo 2020/04/10 v1.4m Standard LaTeX file (size option)
)
\c@part=\count177
\c@chapter=\count178
\c@section=\count179
\c@subsection=\count180
\c@subsubsection=\count181
\c@paragraph=\count182
\c@subparagraph=\count183
\c@figure=\count184
\c@table=\count185
\abovecaptionskip=\skip47
\belowcaptionskip=\skip48
\bibindent=\dimen138
)
(C:\Users\marti\AppData\Local\Programs\MiKTeX\tex/latex/ntgclass\a4.sty
Package: a4 2020/02/18 v1.2g A4 based page layout
)
(C:\Users\marti\AppData\Local\Programs\MiKTeX\tex/generic/babel\babel.sty
Package: babel 2021/01/26 3.53 The Babel package

(C:\Users\marti\AppData\Local\Programs\MiKTeX\tex/generic/babel\babel.def
File: babel.def 2021/01/26 3.53 Babel common definitions
\babel@savecnt=\count186
\U@D=\dimen139
\l@babelnohyphens=\language79

(C:\Users\marti\AppData\Local\Programs\MiKTeX\tex/generic/babel\txtbabel.def)
\bbl@readstream=\read2
)
\bbl@dirlevel=\count187

*************************************
* Local config file bblopts.cfg used
*
(C:\Users\marti\AppData\Local\Programs\MiKTeX\tex/latex/arabi\bblopts.cfg
File: bblopts.cfg 2005/09/08 v0.1 add Arabic and Farsi to "declared" options of
 babel
)
(C:\Users\marti\AppData\Local\Programs\MiKTeX\tex/latex/babel-german\ngerman.ld
f
Language: ngerman 2020/07/21 v2.12 German support for babel (post-1996 orthogra
phy)

(C:\Users\marti\AppData\Local\Programs\MiKTeX\tex/latex/babel-german\ngermanb.l
df
Language: ngermanb 2020/07/21 v2.12 German support for babel (post-1996 orthogr
aphy)
Package babel Info: Making " an active character on input line 121.
))) (C:\Users\marti\AppData\Local\Programs\MiKTeX\tex/latex/base\fontenc.sty
Package: fontenc 2020/08/10 v2.0s Standard LaTeX package
) (C:\Users\marti\AppData\Local\Programs\MiKTeX\tex/latex/base\inputenc.sty
Package: inputenc 2020/08/01 v1.3d Input encoding file
\inpenc@prehook=\toks15
\inpenc@posthook=\toks16
)
(C:\Users\marti\AppData\Local\Programs\MiKTeX\tex/latex/lm\lmodern.sty
Package: lmodern 2009/10/30 v1.6 Latin Modern Fonts
LaTeX Font Info:    Overwriting symbol font `operators' in version `normal'
(Font)                  OT1/cmr/m/n --> OT1/lmr/m/n on input line 22.
LaTeX Font Info:    Overwriting symbol font `letters' in version `normal'
(Font)                  OML/cmm/m/it --> OML/lmm/m/it on input line 23.
LaTeX Font Info:    Overwriting symbol font `symbols' in version `normal'
(Font)                  OMS/cmsy/m/n --> OMS/lmsy/m/n on input line 24.
LaTeX Font Info:    Overwriting symbol font `largesymbols' in version `normal'
(Font)                  OMX/cmex/m/n --> OMX/lmex/m/n on input line 25.
LaTeX Font Info:    Overwriting symbol font `operators' in version `bold'
(Font)                  OT1/cmr/bx/n --> OT1/lmr/bx/n on input line 26.
LaTeX Font Info:    Overwriting symbol font `letters' in version `bold'
(Font)                  OML/cmm/b/it --> OML/lmm/b/it on input line 27.
LaTeX Font Info:    Overwriting symbol font `symbols' in version `bold'
(Font)                  OMS/cmsy/b/n --> OMS/lmsy/b/n on input line 28.
LaTeX Font Info:    Overwriting symbol font `largesymbols' in version `bold'
(Font)                  OMX/cmex/m/n --> OMX/lmex/m/n on input line 29.
LaTeX Font Info:    Overwriting math alphabet `\mathbf' in version `normal'
(Font)                  OT1/cmr/bx/n --> OT1/lmr/bx/n on input line 31.
LaTeX Font Info:    Overwriting math alphabet `\mathsf' in version `normal'
(Font)                  OT1/cmss/m/n --> OT1/lmss/m/n on input line 32.
LaTeX Font Info:    Overwriting math alphabet `\mathit' in version `normal'
(Font)                  OT1/cmr/m/it --> OT1/lmr/m/it on input line 33.
LaTeX Font Info:    Overwriting math alphabet `\mathtt' in version `normal'
(Font)                  OT1/cmtt/m/n --> OT1/lmtt/m/n on input line 34.
LaTeX Font Info:    Overwriting math alphabet `\mathbf' in version `bold'
(Font)                  OT1/cmr/bx/n --> OT1/lmr/bx/n on input line 35.
LaTeX Font Info:    Overwriting math alphabet `\mathsf' in version `bold'
(Font)                  OT1/cmss/bx/n --> OT1/lmss/bx/n on input line 36.
LaTeX Font Info:    Overwriting math alphabet `\mathit' in version `bold'
(Font)                  OT1/cmr/bx/it --> OT1/lmr/bx/it on input line 37.
LaTeX Font Info:    Overwriting math alphabet `\mathtt' in version `bold'
(Font)                  OT1/cmtt/m/n --> OT1/lmtt/m/n on input line 38.
)
(C:\Users\marti\AppData\Local\Programs\MiKTeX\tex/latex/parskip\parskip.sty
Package: parskip 2020-06-15 v2.0f non-zero parskip adjustments

(C:\Users\marti\AppData\Local\Programs\MiKTeX\tex/latex/kvoptions\kvoptions.sty
Package: kvoptions 2020-10-07 v3.14 Key value format for package options (HO)
(C:\Users\marti\AppData\Local\Programs\MiKTeX\tex/latex/graphics\keyval.sty
Package: keyval 2014/10/28 v1.15 key=value parser (DPC)
\KV@toks@=\toks17
)
(C:\Users\marti\AppData\Local\Programs\MiKTeX\tex/generic/ltxcmds\ltxcmds.sty
Package: ltxcmds 2020-05-10 v1.25 LaTeX kernel commands for general use (HO)
)
(C:\Users\marti\AppData\Local\Programs\MiKTeX\tex/generic/kvsetkeys\kvsetkeys.s
ty
Package: kvsetkeys 2019/12/15 v1.18 Key value parser (HO)
))
(C:\Users\marti\AppData\Local\Programs\MiKTeX\tex/latex/etoolbox\etoolbox.sty
Package: etoolbox 2020/10/05 v2.5k e-TeX tools for LaTeX (JAW)
\etb@tempcnta=\count188
)) (C:\Users\marti\AppData\Local\Programs\MiKTeX\tex/latex/ragged2e\ragged2e.st
y
Package: ragged2e 2019/07/28 v2.2 ragged2e Package (MS)

(C:\Users\marti\AppData\Local\Programs\MiKTeX\tex/latex/everysel\everysel.sty
Package: everysel 2021/01/20 v2.1 EverySelectfont Package (MS)

(C:\Users\marti\AppData\Local\Programs\MiKTeX\tex/latex/everysel\everysel-2011-
10-28.sty))
\CenteringLeftskip=\skip49
\RaggedLeftLeftskip=\skip50
\RaggedRightLeftskip=\skip51
\CenteringRightskip=\skip52
\RaggedLeftRightskip=\skip53
\RaggedRightRightskip=\skip54
\CenteringParfillskip=\skip55
\RaggedLeftParfillskip=\skip56
\RaggedRightParfillskip=\skip57
\JustifyingParfillskip=\skip58
\CenteringParindent=\skip59
\RaggedLeftParindent=\skip60
\RaggedRightParindent=\skip61
\JustifyingParindent=\skip62
)
(C:\Users\marti\AppData\Local\Programs\MiKTeX\tex/latex/graphics\graphicx.sty
Package: graphicx 2020/09/09 v1.2b Enhanced LaTeX Graphics (DPC,SPQR)

(C:\Users\marti\AppData\Local\Programs\MiKTeX\tex/latex/graphics\graphics.sty
Package: graphics 2020/08/30 v1.4c Standard LaTeX Graphics (DPC,SPQR)

(C:\Users\marti\AppData\Local\Programs\MiKTeX\tex/latex/graphics\trig.sty
Package: trig 2016/01/03 v1.10 sin cos tan (DPC)
)
(C:\Users\marti\AppData\Local\Programs\MiKTeX\tex/latex/graphics-cfg\graphics.c
fg
File: graphics.cfg 2016/06/04 v1.11 sample graphics configuration
)
Package graphics Info: Driver file: pdftex.def on input line 105.

(C:\Users\marti\AppData\Local\Programs\MiKTeX\tex/latex/graphics-def\pdftex.def
File: pdftex.def 2020/10/05 v1.2a Graphics/color driver for pdftex
))
\Gin@req@height=\dimen140
\Gin@req@width=\dimen141
) (C:\Users\marti\AppData\Local\Programs\MiKTeX\tex/latex/amsmath\amsmath.sty
Package: amsmath 2020/09/23 v2.17i AMS math features
\@mathmargin=\skip63
For additional information on amsmath, use the `?' option.
(C:\Users\marti\AppData\Local\Programs\MiKTeX\tex/latex/amsmath\amstext.sty
Package: amstext 2000/06/29 v2.01 AMS text

(C:\Users\marti\AppData\Local\Programs\MiKTeX\tex/latex/amsmath\amsgen.sty
File: amsgen.sty 1999/11/30 v2.0 generic functions
\@emptytoks=\toks18
\ex@=\dimen142
))
(C:\Users\marti\AppData\Local\Programs\MiKTeX\tex/latex/amsmath\amsbsy.sty
Package: amsbsy 1999/11/29 v1.2d Bold Symbols
\pmbraise@=\dimen143
)
(C:\Users\marti\AppData\Local\Programs\MiKTeX\tex/latex/amsmath\amsopn.sty
Package: amsopn 2016/03/08 v2.02 operator names
)
\inf@bad=\count189
LaTeX Info: Redefining \frac on input line 234.
\uproot@=\count190
\leftroot@=\count191
LaTeX Info: Redefining \overline on input line 399.
\classnum@=\count192
\DOTSCASE@=\count193
LaTeX Info: Redefining \ldots on input line 496.
LaTeX Info: Redefining \dots on input line 499.
LaTeX Info: Redefining \cdots on input line 620.
\Mathstrutbox@=\box47
\strutbox@=\box48
\big@size=\dimen144
LaTeX Font Info:    Redeclaring font encoding OML on input line 743.
LaTeX Font Info:    Redeclaring font encoding OMS on input line 744.
\macc@depth=\count194
\c@MaxMatrixCols=\count195
\dotsspace@=\muskip16
\c@parentequation=\count196
\dspbrk@lvl=\count197
\tag@help=\toks19
\row@=\count198
\column@=\count199
\maxfields@=\count266
\andhelp@=\toks20
\eqnshift@=\dimen145
\alignsep@=\dimen146
\tagshift@=\dimen147
\tagwidth@=\dimen148
\totwidth@=\dimen149
\lineht@=\dimen150
\@envbody=\toks21
\multlinegap=\skip64
\multlinetaggap=\skip65
\mathdisplay@stack=\toks22
LaTeX Info: Redefining \[ on input line 2923.
LaTeX Info: Redefining \] on input line 2924.
)
(C:\Users\marti\AppData\Local\Programs\MiKTeX\tex/latex/amsfonts\amssymb.sty
Package: amssymb 2013/01/14 v3.01 AMS font symbols

(C:\Users\marti\AppData\Local\Programs\MiKTeX\tex/latex/amsfonts\amsfonts.sty
Package: amsfonts 2013/01/14 v3.01 Basic AMSFonts support
\symAMSa=\mathgroup4
\symAMSb=\mathgroup5
LaTeX Font Info:    Redeclaring math symbol \hbar on input line 98.
LaTeX Font Info:    Overwriting math alphabet `\mathfrak' in version `bold'
(Font)                  U/euf/m/n --> U/euf/b/n on input line 106.
)) (C:\Users\marti\AppData\Local\Programs\MiKTeX\tex/latex/amsmath\amscd.sty
Package: amscd 2017/04/14 v2.1 AMS Commutative Diagrams
\athelp@=\toks23
\minaw@=\dimen151
\bigaw@=\dimen152
\minCDarrowwidth=\dimen153
)
(C:\Users\marti\AppData\Local\Programs\MiKTeX\tex/latex/amscls\amsthm.sty
Package: amsthm 2020/05/29 v2.20.6
\thm@style=\toks24
\thm@bodyfont=\toks25
\thm@headfont=\toks26
\thm@notefont=\toks27
\thm@headpunct=\toks28
\thm@preskip=\skip66
\thm@postskip=\skip67
\thm@headsep=\skip68
\dth@everypar=\toks29
)
(C:\Users\marti\AppData\Local\Programs\MiKTeX\tex/latex/hyperref\hyperref.sty
Package: hyperref 2020-05-15 v7.00e Hypertext links for LaTeX

(C:\Users\marti\AppData\Local\Programs\MiKTeX\tex/generic/iftex\iftex.sty
Package: iftex 2020/03/06 v1.0d TeX engine tests
)
(C:\Users\marti\AppData\Local\Programs\MiKTeX\tex/generic/pdftexcmds\pdftexcmds
.sty
Package: pdftexcmds 2020-06-27 v0.33 Utility functions of pdfTeX for LuaTeX (HO
)

(C:\Users\marti\AppData\Local\Programs\MiKTeX\tex/generic/infwarerr\infwarerr.s
ty
Package: infwarerr 2019/12/03 v1.5 Providing info/warning/error messages (HO)
)
Package pdftexcmds Info: \pdf@primitive is available.
Package pdftexcmds Info: \pdf@ifprimitive is available.
Package pdftexcmds Info: \pdfdraftmode found.
)
(C:\Users\marti\AppData\Local\Programs\MiKTeX\tex/generic/kvdefinekeys\kvdefine
keys.sty
Package: kvdefinekeys 2019-12-19 v1.6 Define keys (HO)
)
(C:\Users\marti\AppData\Local\Programs\MiKTeX\tex/generic/pdfescape\pdfescape.s
ty
Package: pdfescape 2019/12/09 v1.15 Implements pdfTeX's escape features (HO)
) (C:\Users\marti\AppData\Local\Programs\MiKTeX\tex/latex/hycolor\hycolor.sty
Package: hycolor 2020-01-27 v1.10 Color options for hyperref/bookmark (HO)
)
(C:\Users\marti\AppData\Local\Programs\MiKTeX\tex/latex/letltxmacro\letltxmacro
.sty
Package: letltxmacro 2019/12/03 v1.6 Let assignment for LaTeX macros (HO)
)
(C:\Users\marti\AppData\Local\Programs\MiKTeX\tex/latex/auxhook\auxhook.sty
Package: auxhook 2019-12-17 v1.6 Hooks for auxiliary files (HO)
)
\@linkdim=\dimen154
\Hy@linkcounter=\count267
\Hy@pagecounter=\count268

(C:\Users\marti\AppData\Local\Programs\MiKTeX\tex/latex/hyperref\pd1enc.def
File: pd1enc.def 2020-05-15 v7.00e Hyperref: PDFDocEncoding definition (HO)
Now handling font encoding PD1 ...
... no UTF-8 mapping file for font encoding PD1
)
(C:\Users\marti\AppData\Local\Programs\MiKTeX\tex/generic/intcalc\intcalc.sty
Package: intcalc 2019/12/15 v1.3 Expandable calculations with integers (HO)
)
(C:\Users\marti\AppData\Local\Programs\MiKTeX\tex/generic/etexcmds\etexcmds.sty
Package: etexcmds 2019/12/15 v1.7 Avoid name clashes with e-TeX commands (HO)
)
\Hy@SavedSpaceFactor=\count269
Package hyperref Info: Hyper figures OFF on input line 4464.
Package hyperref Info: Link nesting OFF on input line 4469.
Package hyperref Info: Hyper index ON on input line 4472.
Package hyperref Info: Plain pages OFF on input line 4479.
Package hyperref Info: Backreferencing OFF on input line 4484.
Package hyperref Info: Implicit mode ON; LaTeX internals redefined.
Package hyperref Info: Bookmarks ON on input line 4717.
\c@Hy@tempcnt=\count270
 (C:\Users\marti\AppData\Local\Programs\MiKTeX\tex/latex/url\url.sty
\Urlmuskip=\muskip17
Package: url 2013/09/16  ver 3.4  Verb mode for urls, etc.
)
LaTeX Info: Redefining \url on input line 5076.
\XeTeXLinkMargin=\dimen155

(C:\Users\marti\AppData\Local\Programs\MiKTeX\tex/generic/bitset\bitset.sty
Package: bitset 2019/12/09 v1.3 Handle bit-vector datatype (HO)

(C:\Users\marti\AppData\Local\Programs\MiKTeX\tex/generic/bigintcalc\bigintcalc
.sty
Package: bigintcalc 2019/12/15 v1.5 Expandable calculations on big integers (HO
)
))
\Fld@menulength=\count271
\Field@Width=\dimen156
\Fld@charsize=\dimen157
Package hyperref Info: Hyper figures OFF on input line 6347.
Package hyperref Info: Link nesting OFF on input line 6352.
Package hyperref Info: Hyper index ON on input line 6355.
Package hyperref Info: backreferencing OFF on input line 6362.
Package hyperref Info: Link coloring OFF on input line 6367.
Package hyperref Info: Link coloring with OCG OFF on input line 6372.
Package hyperref Info: PDF/A mode OFF on input line 6377.
LaTeX Info: Redefining \ref on input line 6417.
LaTeX Info: Redefining \pageref on input line 6421.

(C:\Users\marti\AppData\Local\Programs\MiKTeX\tex/latex/base\atbegshi-ltx.sty
Package: atbegshi-ltx 2020/08/17 v1.0a Emulation of the original atbegshi packa
ge
with kernel methods
)
\Hy@abspage=\count272
\c@Item=\count273
\c@Hfootnote=\count274
)
Package hyperref Info: Driver (autodetected): hpdftex.
(C:\Users\marti\AppData\Local\Programs\MiKTeX\tex/latex/hyperref\hpdftex.def
File: hpdftex.def 2020-05-15 v7.00e Hyperref driver for pdfTeX

(C:\Users\marti\AppData\Local\Programs\MiKTeX\tex/latex/base\atveryend-ltx.sty
Package: atveryend-ltx 2020/08/19 v1.0a Emulation of the original atvery packag
e
with kernel methods
)
\Fld@listcount=\count275
\c@bookmark@seq@number=\count276

(C:\Users\marti\AppData\Local\Programs\MiKTeX\tex/latex/rerunfilecheck\rerunfil
echeck.sty
Package: rerunfilecheck 2019/12/05 v1.9 Rerun checks for auxiliary files (HO)

(C:\Users\marti\AppData\Local\Programs\MiKTeX\tex/generic/uniquecounter\uniquec
ounter.sty
Package: uniquecounter 2019/12/15 v1.4 Provide unlimited unique counter (HO)
)
Package uniquecounter Info: New unique counter `rerunfilecheck' on input line 2
86.
)
\Hy@SectionHShift=\skip69
)
(C:\Users\marti\AppData\Local\Programs\MiKTeX\tex/latex/oberdiek\hypcap.sty
Package: hypcap 2016/05/16 v1.12 Adjusting the anchors of captions (HO)
)
(C:\Users\marti\AppData\Local\Programs\MiKTeX\tex/latex/jknappen\mathrsfs.sty
Package: mathrsfs 1996/01/01 Math RSFS package v1.0 (jk)
\symrsfs=\mathgroup6
)
(C:\Users\marti\AppData\Local\Programs\MiKTeX\tex/latex/tabls\tabls.sty
\tablinesep=\dimen158
\arraylinesep=\dimen159
\extrarulesep=\dimen160
\@arstdepth=\dimen161
\@arstheight=\dimen162
\@skip@bove=\dimen163
)
(C:\Users\marti\AppData\Local\Programs\MiKTeX\tex/latex/booktabs\booktabs.sty
Package: booktabs 2020/01/12 v1.61803398 Publication quality tables
\heavyrulewidth=\dimen164
\lightrulewidth=\dimen165
\cmidrulewidth=\dimen166
\belowrulesep=\dimen167
\belowbottomsep=\dimen168
\aboverulesep=\dimen169
\abovetopsep=\dimen170
\cmidrulesep=\dimen171
\cmidrulekern=\dimen172
\defaultaddspace=\dimen173
\@cmidla=\count277
\@cmidlb=\count278
\@aboverulesep=\dimen174
\@belowrulesep=\dimen175
\@thisruleclass=\count279
\@lastruleclass=\count280
\@thisrulewidth=\dimen176
)
(C:\Users\marti\AppData\Local\Programs\MiKTeX\tex/latex/fancyhdr\fancyhdr.sty
Package: fancyhdr 2021/01/28 v4.0.1 Extensive control of page headers and foote
rs
\f@nch@headwidth=\skip70
\f@nch@O@elh=\skip71
\f@nch@O@erh=\skip72
\f@nch@O@olh=\skip73
\f@nch@O@orh=\skip74
\f@nch@O@elf=\skip75
\f@nch@O@erf=\skip76
\f@nch@O@olf=\skip77
\f@nch@O@orf=\skip78
)
(C:\Users\marti\AppData\Local\Programs\MiKTeX\tex/latex/latex-tools\tabularx.st
y
Package: tabularx 2020/01/15 v2.11c `tabularx' package (DPC)
 (C:\Users\marti\AppData\Local\Programs\MiKTeX\tex/latex/latex-tools\array.sty
Package: array 2020/10/01 v2.5c Tabular extension package (FMi)
\col@sep=\dimen177
\ar@mcellbox=\box49
\extrarowheight=\dimen178
\NC@list=\toks30
\extratabsurround=\skip79
\backup@length=\skip80

LaTeX Warning: Command \@xhline  has changed.
               Check if current package is valid.

\ar@cellbox=\box50
)
\TX@col@width=\dimen179
\TX@old@table=\dimen180
\TX@old@col=\dimen181
\TX@target=\dimen182
\TX@delta=\dimen183
\TX@cols=\count281
\TX@ftn=\toks31
)
(C:\Users\marti\AppData\Local\Programs\MiKTeX\tex/latex/geometry\geometry.sty
Package: geometry 2020/01/02 v5.9 Page Geometry

(C:\Users\marti\AppData\Local\Programs\MiKTeX\tex/generic/iftex\ifvtex.sty
Package: ifvtex 2019/10/25 v1.7 ifvtex legacy package. Use iftex instead.
)
\Gm@cnth=\count282
\Gm@cntv=\count283
\c@Gm@tempcnt=\count284
\Gm@bindingoffset=\dimen184
\Gm@wd@mp=\dimen185
\Gm@odd@mp=\dimen186
\Gm@even@mp=\dimen187
\Gm@layoutwidth=\dimen188
\Gm@layoutheight=\dimen189
\Gm@layouthoffset=\dimen190
\Gm@layoutvoffset=\dimen191
\Gm@dimlist=\toks32

(C:\Users\marti\AppData\Local\Programs\MiKTeX\tex/latex/geometry\geometry.cfg))
(C:\Users\marti\AppData\Local\Programs\MiKTeX\tex/latex/listings\listings.sty
\lst@mode=\count285
\lst@gtempboxa=\box51
\lst@token=\toks33
\lst@length=\count286
\lst@currlwidth=\dimen192
\lst@column=\count287
\lst@pos=\count288
\lst@lostspace=\dimen193
\lst@width=\dimen194
\lst@newlines=\count289
\lst@lineno=\count290
\lst@maxwidth=\dimen195

(C:\Users\marti\AppData\Local\Programs\MiKTeX\tex/latex/listings\lstmisc.sty
File: lstmisc.sty 2020/03/24 1.8d (Carsten Heinz)
\c@lstnumber=\count291
\lst@skipnumbers=\count292
\lst@framebox=\box52
)
(C:\Users\marti\AppData\Local\Programs\MiKTeX\tex/latex/listings\listings.cfg
File: listings.cfg 2020/03/24 1.8d listings configuration
))
Package: listings 2020/03/24 1.8d (Carsten Heinz)
(C:\Users\marti\AppData\Local\Programs\MiKTeX\tex/latex/graphics\color.sty
Package: color 2020/02/24 v1.2b Standard LaTeX Color (DPC)

(C:\Users\marti\AppData\Local\Programs\MiKTeX\tex/latex/graphics-cfg\color.cfg
File: color.cfg 2016/01/02 v1.6 sample color configuration
)
Package color Info: Driver file: pdftex.def on input line 147.
) (C:\Users\marti\AppData\Local\Programs\MiKTeX\tex/latex/cancel\cancel.sty
Package: cancel 2013/04/12 v2.2 Cancel math terms
)
(C:\Users\marti\AppData\Local\Programs\MiKTeX\tex/latex/listings\lstlang1.sty
File: lstlang1.sty 2020/03/24 1.8d listings language file
)
(C:\Users\marti\AppData\Local\Programs\MiKTeX\tex/latex/listings\lstmisc.sty
File: lstmisc.sty 2020/03/24 1.8d (Carsten Heinz)
)
LaTeX Font Info:    Trying to load font information for T1+lmr on input line 87
.

(C:\Users\marti\AppData\Local\Programs\MiKTeX\tex/latex/lm\t1lmr.fd
File: t1lmr.fd 2009/10/30 v1.6 Font defs for Latin Modern
)
(C:\Users\marti\AppData\Local\Programs\MiKTeX\tex/latex/l3backend\l3backend-pdf
tex.def
File: l3backend-pdftex.def 2020-01-29 L3 backend support: PDF output (pdfTeX)
\l__color_backend_stack_int=\count293
\l__pdf_internal_box=\box53
) (diplomarbeit.aux)
\openout1 = `diplomarbeit.aux'.

LaTeX Font Info:    Checking defaults for OML/cmm/m/it on input line 87.
LaTeX Font Info:    ... okay on input line 87.
LaTeX Font Info:    Checking defaults for OMS/cmsy/m/n on input line 87.
LaTeX Font Info:    ... okay on input line 87.
LaTeX Font Info:    Checking defaults for OT1/cmr/m/n on input line 87.
LaTeX Font Info:    ... okay on input line 87.
LaTeX Font Info:    Checking defaults for T1/cmr/m/n on input line 87.
LaTeX Font Info:    ... okay on input line 87.
LaTeX Font Info:    Checking defaults for TS1/cmr/m/n on input line 87.
LaTeX Font Info:    ... okay on input line 87.
LaTeX Font Info:    Checking defaults for OMX/cmex/m/n on input line 87.
LaTeX Font Info:    ... okay on input line 87.
LaTeX Font Info:    Checking defaults for U/cmr/m/n on input line 87.
LaTeX Font Info:    ... okay on input line 87.
LaTeX Font Info:    Checking defaults for PD1/pdf/m/n on input line 87.
LaTeX Font Info:    ... okay on input line 87.
 ABD: EverySelectfont initializing macros
LaTeX Info: Redefining \selectfont on input line 87.

(C:\Users\marti\AppData\Local\Programs\MiKTeX\tex/context/base/mkii\supp-pdf.mk
ii
[Loading MPS to PDF converter (version 2006.09.02).]
\scratchcounter=\count294
\scratchdimen=\dimen196
\scratchbox=\box54
\nofMPsegments=\count295
\nofMParguments=\count296
\everyMPshowfont=\toks34
\MPscratchCnt=\count297
\MPscratchDim=\dimen197
\MPnumerator=\count298
\makeMPintoPDFobject=\count299
\everyMPtoPDFconversion=\toks35
)
(C:\Users\marti\AppData\Local\Programs\MiKTeX\tex/latex/epstopdf-pkg\epstopdf-b
ase.sty
Package: epstopdf-base 2020-01-24 v2.11 Base part for package epstopdf
Package epstopdf-base Info: Redefining graphics rule for `.eps' on input line 4
85.
)
Package hyperref Info: Link coloring OFF on input line 87.

(C:\Users\marti\AppData\Local\Programs\MiKTeX\tex/latex/hyperref\nameref.sty
Package: nameref 2019/09/16 v2.46 Cross-referencing by name of section

(C:\Users\marti\AppData\Local\Programs\MiKTeX\tex/latex/refcount\refcount.sty
Package: refcount 2019/12/15 v3.6 Data extraction from label references (HO)
)
(C:\Users\marti\AppData\Local\Programs\MiKTeX\tex/generic/gettitlestring\gettit
lestring.sty
Package: gettitlestring 2019/12/15 v1.6 Cleanup title references (HO)
)
\c@section@level=\count300
)
LaTeX Info: Redefining \ref on input line 87.
LaTeX Info: Redefining \pageref on input line 87.
LaTeX Info: Redefining \nameref on input line 87.
 (diplomarbeit.out) (diplomarbeit.out)
\@outlinefile=\write3
\openout3 = `diplomarbeit.out'.


*geometry* driver: auto-detecting
*geometry* detected driver: pdftex
*geometry* verbose mode - [ preamble ] result:
* driver: pdftex
* paper: a4paper
* layout: <same size as paper>
* layoutoffset:(h,v)=(0.0pt,0.0pt)
* modes: twoside 
* h-part:(L,W,R)=(68.28659pt, 426.79134pt, 102.42995pt)
* v-part:(T,H,B)=(64.87228pt, 682.86613pt, 97.30843pt)
* \paperwidth=597.50787pt
* \paperheight=845.04684pt
* \textwidth=426.79134pt
* \textheight=682.86613pt
* \oddsidemargin=-3.9834pt
* \evensidemargin=30.15996pt
* \topmargin=-58.3977pt
* \headheight=26.0pt
* \headsep=25.0pt
* \topskip=10.0pt
* \footskip=30.0pt
* \marginparwidth=72.26999pt
* \marginparsep=11.0pt
* \columnsep=10.0pt
* \skip\footins=9.0pt plus 4.0pt minus 2.0pt
* \hoffset=0.0pt
* \voffset=0.0pt
* \mag=1000
* \@twocolumnfalse
* \@twosidetrue
* \@mparswitchtrue
* \@reversemarginfalse
* (1in=72.27pt=25.4mm, 1cm=28.453pt)

\c@lstlisting=\count301
(titlePage.tex
LaTeX Font Info:    Trying to load font information for OT1+lmr on input line 1
4.

(C:\Users\marti\AppData\Local\Programs\MiKTeX\tex/latex/lm\ot1lmr.fd
File: ot1lmr.fd 2009/10/30 v1.6 Font defs for Latin Modern
)
LaTeX Font Info:    Trying to load font information for OML+lmm on input line 1
4.

(C:\Users\marti\AppData\Local\Programs\MiKTeX\tex/latex/lm\omllmm.fd
File: omllmm.fd 2009/10/30 v1.6 Font defs for Latin Modern
)
LaTeX Font Info:    Trying to load font information for OMS+lmsy on input line 
14.

(C:\Users\marti\AppData\Local\Programs\MiKTeX\tex/latex/lm\omslmsy.fd
File: omslmsy.fd 2009/10/30 v1.6 Font defs for Latin Modern
)
LaTeX Font Info:    Trying to load font information for OMX+lmex on input line 
14.

(C:\Users\marti\AppData\Local\Programs\MiKTeX\tex/latex/lm\omxlmex.fd
File: omxlmex.fd 2009/10/30 v1.6 Font defs for Latin Modern
)
LaTeX Font Info:    External font `lmex10' loaded for size
(Font)              <10> on input line 14.
LaTeX Font Info:    External font `lmex10' loaded for size
(Font)              <7> on input line 14.
LaTeX Font Info:    External font `lmex10' loaded for size
(Font)              <5> on input line 14.
LaTeX Font Info:    Trying to load font information for U+msa on input line 14.


(C:\Users\marti\AppData\Local\Programs\MiKTeX\tex/latex/amsfonts\umsa.fd
File: umsa.fd 2013/01/14 v3.01 AMS symbols A
)
LaTeX Font Info:    Trying to load font information for U+msb on input line 14.


(C:\Users\marti\AppData\Local\Programs\MiKTeX\tex/latex/amsfonts\umsb.fd
File: umsb.fd 2013/01/14 v3.01 AMS symbols B
)
LaTeX Font Info:    Trying to load font information for U+rsfs on input line 14
.

(C:\Users\marti\AppData\Local\Programs\MiKTeX\tex/latex/jknappen\ursfs.fd
File: ursfs.fd 1998/03/24 rsfs font definition file (jk)
)
<Illustrations/HTBLuVA_Salzburg_Logo.png, id=126, 700.86844pt x 225.09094pt>
File: Illustrations/HTBLuVA_Salzburg_Logo.png Graphic file (type png)
<use Illustrations/HTBLuVA_Salzburg_Logo.png>
Package pdftex.def Info: Illustrations/HTBLuVA_Salzburg_Logo.png  used on input
 line 38.
(pdftex.def)             Requested size: 175.21667pt x 56.27258pt.

[1

{C:/Users/marti/AppData/Local/MiKTeX/pdftex/config/pdftex.map} <./Illustrations
/HTBLuVA_Salzburg_Logo.png>] [2

]) (prolog.tex
File: Illustrations/HTBLuVA_Salzburg_Logo.png Graphic file (type png)
<use Illustrations/HTBLuVA_Salzburg_Logo.png>
Package pdftex.def Info: Illustrations/HTBLuVA_Salzburg_Logo.png  used on input
 line 40.
(pdftex.def)             Requested size: 70.09094pt x 22.5104pt.


Package fancyhdr Warning: \headheight is too small (26.0pt): 
(fancyhdr)                Make it at least 26.11044pt, for example:
(fancyhdr)                \setlength{\headheight}{26.11044pt}.
(fancyhdr)                You might also make \topmargin smaller to compensate:

(fancyhdr)                \addtolength{\topmargin}{-0.11044pt}.

[1] [2]
File: Illustrations/HTBLuVA_Salzburg_Logo.png Graphic file (type png)
<use Illustrations/HTBLuVA_Salzburg_Logo.png>
Package pdftex.def Info: Illustrations/HTBLuVA_Salzburg_Logo.png  used on input
 line 55.
(pdftex.def)             Requested size: 70.09094pt x 22.5104pt.


Package fancyhdr Warning: \headheight is too small (26.0pt): 
(fancyhdr)                Make it at least 26.11044pt, for example:
(fancyhdr)                \setlength{\headheight}{26.11044pt}.
(fancyhdr)                You might also make \topmargin smaller to compensate:

(fancyhdr)                \addtolength{\topmargin}{-0.11044pt}.

[3] [4]
File: Illustrations/HTBLuVA_Salzburg_Logo.png Graphic file (type png)
<use Illustrations/HTBLuVA_Salzburg_Logo.png>
Package pdftex.def Info: Illustrations/HTBLuVA_Salzburg_Logo.png  used on input
 line 70.
(pdftex.def)             Requested size: 70.09094pt x 22.5104pt.


Package fancyhdr Warning: \headheight is too small (26.0pt): 
(fancyhdr)                Make it at least 26.11044pt, for example:
(fancyhdr)                \setlength{\headheight}{26.11044pt}.
(fancyhdr)                You might also make \topmargin smaller to compensate:

(fancyhdr)                \addtolength{\topmargin}{-0.11044pt}.

[5] [6]
File: Illustrations/HTBLuVA_Salzburg_Logo.png Graphic file (type png)
<use Illustrations/HTBLuVA_Salzburg_Logo.png>
Package pdftex.def Info: Illustrations/HTBLuVA_Salzburg_Logo.png  used on input
 line 101.
(pdftex.def)             Requested size: 70.09094pt x 22.5104pt.


Package fancyhdr Warning: \headheight is too small (26.0pt): 
(fancyhdr)                Make it at least 26.11044pt, for example:
(fancyhdr)                \setlength{\headheight}{26.11044pt}.
(fancyhdr)                You might also make \topmargin smaller to compensate:

(fancyhdr)                \addtolength{\topmargin}{-0.11044pt}.

[7]
File: Illustrations/HTBLuVA_Salzburg_Logo.png Graphic file (type png)
<use Illustrations/HTBLuVA_Salzburg_Logo.png>
Package pdftex.def Info: Illustrations/HTBLuVA_Salzburg_Logo.png  used on input
 line 126.
(pdftex.def)             Requested size: 70.09094pt x 22.5104pt.


Package fancyhdr Warning: \headheight is too small (26.0pt): 
(fancyhdr)                Make it at least 26.11044pt, for example:
(fancyhdr)                \setlength{\headheight}{26.11044pt}.
(fancyhdr)                You might also make \topmargin smaller to compensate:

(fancyhdr)                \addtolength{\topmargin}{-0.11044pt}.

[8]
File: Illustrations/HTBLuVA_Salzburg_Logo.png Graphic file (type png)
<use Illustrations/HTBLuVA_Salzburg_Logo.png>
Package pdftex.def Info: Illustrations/HTBLuVA_Salzburg_Logo.png  used on input
 line 151.
(pdftex.def)             Requested size: 70.09094pt x 22.5104pt.


Package fancyhdr Warning: \headheight is too small (26.0pt): 
(fancyhdr)                Make it at least 26.11044pt, for example:
(fancyhdr)                \setlength{\headheight}{26.11044pt}.
(fancyhdr)                You might also make \topmargin smaller to compensate:

(fancyhdr)                \addtolength{\topmargin}{-0.11044pt}.

[9] [10]
File: Illustrations/HTBLuVA_Salzburg_Logo.png Graphic file (type png)
<use Illustrations/HTBLuVA_Salzburg_Logo.png>
Package pdftex.def Info: Illustrations/HTBLuVA_Salzburg_Logo.png  used on input
 line 192.
(pdftex.def)             Requested size: 70.09094pt x 22.5104pt.


Package fancyhdr Warning: \headheight is too small (26.0pt): 
(fancyhdr)                Make it at least 26.11044pt, for example:
(fancyhdr)                \setlength{\headheight}{26.11044pt}.
(fancyhdr)                You might also make \topmargin smaller to compensate:

(fancyhdr)                \addtolength{\topmargin}{-0.11044pt}.

[11]
LaTeX Font Info:    External font `lmex10' loaded for size
(Font)              <9> on input line 195.
LaTeX Font Info:    External font `lmex10' loaded for size
(Font)              <6> on input line 195.
)
File: Illustrations/HTBLuVA_Salzburg_Logo.png Graphic file (type png)
<use Illustrations/HTBLuVA_Salzburg_Logo.png>
Package pdftex.def Info: Illustrations/HTBLuVA_Salzburg_Logo.png  used on input
 line 100.
(pdftex.def)             Requested size: 70.09094pt x 22.5104pt.


Package fancyhdr Warning: \headheight is too small (26.0pt): 
(fancyhdr)                Make it at least 26.11044pt, for example:
(fancyhdr)                \setlength{\headheight}{26.11044pt}.
(fancyhdr)                You might also make \topmargin smaller to compensate:

(fancyhdr)                \addtolength{\topmargin}{-0.11044pt}.

[12] (diplomarbeit.toc)
\tf@toc=\write4
\openout4 = `diplomarbeit.toc'.

 (1stChapter.tex
File: Illustrations/HTBLuVA_Salzburg_Logo.png Graphic file (type png)
<use Illustrations/HTBLuVA_Salzburg_Logo.png>
Package pdftex.def Info: Illustrations/HTBLuVA_Salzburg_Logo.png  used on input
 line 1.
(pdftex.def)             Requested size: 70.09094pt x 22.5104pt.


Package fancyhdr Warning: \headheight is too small (26.0pt): 
(fancyhdr)                Make it at least 26.11044pt, for example:
(fancyhdr)                \setlength{\headheight}{26.11044pt}.
(fancyhdr)                You might also make \topmargin smaller to compensate:

(fancyhdr)                \addtolength{\topmargin}{-0.11044pt}.

[13

]
Kapitel 1.
) (2ndChapter.tex
File: Illustrations/HTBLuVA_Salzburg_Logo.png Graphic file (type png)
<use Illustrations/HTBLuVA_Salzburg_Logo.png>
Package pdftex.def Info: Illustrations/HTBLuVA_Salzburg_Logo.png  used on input
 line 1.
(pdftex.def)             Requested size: 70.09094pt x 22.5104pt.


Package fancyhdr Warning: \headheight is too small (26.0pt): 
(fancyhdr)                Make it at least 26.11044pt, for example:
(fancyhdr)                \setlength{\headheight}{26.11044pt}.
(fancyhdr)                You might also make \topmargin smaller to compensate:

(fancyhdr)                \addtolength{\topmargin}{-0.11044pt}.

pdfTeX warning (ext4): destination with the same identifier (name{page.1}) has 
been already used, duplicate ignored
<to be read again> 
                   \relax 
l.1 \chapter
            {Einleitung} [1

]
Kapitel 2.
) (3rdChapter.tex
File: Illustrations/HTBLuVA_Salzburg_Logo.png Graphic file (type png)
<use Illustrations/HTBLuVA_Salzburg_Logo.png>
Package pdftex.def Info: Illustrations/HTBLuVA_Salzburg_Logo.png  used on input
 line 1.
(pdftex.def)             Requested size: 70.09094pt x 22.5104pt.


Package fancyhdr Warning: \headheight is too small (26.0pt): 
(fancyhdr)                Make it at least 26.11044pt, for example:
(fancyhdr)                \setlength{\headheight}{26.11044pt}.
(fancyhdr)                You might also make \topmargin smaller to compensate:

(fancyhdr)                \addtolength{\topmargin}{-0.11044pt}.

pdfTeX warning (ext4): destination with the same identifier (name{page.2}) has 
been already used, duplicate ignored
<to be read again> 
                   \relax 
l.1 \chapter
            {Stand der Technik} [2

]
Kapitel 3.
) (4thChapter.tex
File: Illustrations/HTBLuVA_Salzburg_Logo.png Graphic file (type png)
<use Illustrations/HTBLuVA_Salzburg_Logo.png>
Package pdftex.def Info: Illustrations/HTBLuVA_Salzburg_Logo.png  used on input
 line 1.
(pdftex.def)             Requested size: 70.09094pt x 22.5104pt.


Package fancyhdr Warning: \headheight is too small (26.0pt): 
(fancyhdr)                Make it at least 26.11044pt, for example:
(fancyhdr)                \setlength{\headheight}{26.11044pt}.
(fancyhdr)                You might also make \topmargin smaller to compensate:

(fancyhdr)                \addtolength{\topmargin}{-0.11044pt}.

[3

]
Kapitel 4.
) (5thChapter.tex
File: Illustrations/HTBLuVA_Salzburg_Logo.png Graphic file (type png)
<use Illustrations/HTBLuVA_Salzburg_Logo.png>
Package pdftex.def Info: Illustrations/HTBLuVA_Salzburg_Logo.png  used on input
 line 1.
(pdftex.def)             Requested size: 70.09094pt x 22.5104pt.


Package fancyhdr Warning: \headheight is too small (26.0pt): 
(fancyhdr)                Make it at least 26.11044pt, for example:
(fancyhdr)                \setlength{\headheight}{26.11044pt}.
(fancyhdr)                You might also make \topmargin smaller to compensate:

(fancyhdr)                \addtolength{\topmargin}{-0.11044pt}.

[4

]
Kapitel 5.
) (6thChapter.tex
File: Illustrations/HTBLuVA_Salzburg_Logo.png Graphic file (type png)
<use Illustrations/HTBLuVA_Salzburg_Logo.png>
Package pdftex.def Info: Illustrations/HTBLuVA_Salzburg_Logo.png  used on input
 line 1.
(pdftex.def)             Requested size: 70.09094pt x 22.5104pt.


Package fancyhdr Warning: \headheight is too small (26.0pt): 
(fancyhdr)                Make it at least 26.11044pt, for example:
(fancyhdr)                \setlength{\headheight}{26.11044pt}.
(fancyhdr)                You might also make \topmargin smaller to compensate:

(fancyhdr)                \addtolength{\topmargin}{-0.11044pt}.

[5

]
Kapitel 6.
) (7thChapter.tex
File: Illustrations/HTBLuVA_Salzburg_Logo.png Graphic file (type png)
<use Illustrations/HTBLuVA_Salzburg_Logo.png>
Package pdftex.def Info: Illustrations/HTBLuVA_Salzburg_Logo.png  used on input
 line 1.
(pdftex.def)             Requested size: 70.09094pt x 22.5104pt.


Package fancyhdr Warning: \headheight is too small (26.0pt): 
(fancyhdr)                Make it at least 26.11044pt, for example:
(fancyhdr)                \setlength{\headheight}{26.11044pt}.
(fancyhdr)                You might also make \topmargin smaller to compensate:

(fancyhdr)                \addtolength{\topmargin}{-0.11044pt}.

[6

]
Kapitel 7.
) (8thChapter.tex
File: Illustrations/HTBLuVA_Salzburg_Logo.png Graphic file (type png)
<use Illustrations/HTBLuVA_Salzburg_Logo.png>
Package pdftex.def Info: Illustrations/HTBLuVA_Salzburg_Logo.png  used on input
 line 1.
(pdftex.def)             Requested size: 70.09094pt x 22.5104pt.


Package fancyhdr Warning: \headheight is too small (26.0pt): 
(fancyhdr)                Make it at least 26.11044pt, for example:
(fancyhdr)                \setlength{\headheight}{26.11044pt}.
(fancyhdr)                You might also make \topmargin smaller to compensate:

(fancyhdr)                \addtolength{\topmargin}{-0.11044pt}.

[7

]
Kapitel 8.
) (9thChapter.tex
File: Illustrations/HTBLuVA_Salzburg_Logo.png Graphic file (type png)
<use Illustrations/HTBLuVA_Salzburg_Logo.png>
Package pdftex.def Info: Illustrations/HTBLuVA_Salzburg_Logo.png  used on input
 line 1.
(pdftex.def)             Requested size: 70.09094pt x 22.5104pt.


Package fancyhdr Warning: \headheight is too small (26.0pt): 
(fancyhdr)                Make it at least 26.11044pt, for example:
(fancyhdr)                \setlength{\headheight}{26.11044pt}.
(fancyhdr)                You might also make \topmargin smaller to compensate:

(fancyhdr)                \addtolength{\topmargin}{-0.11044pt}.

[8

]
Kapitel 9.
) (10thChapter.tex
File: Illustrations/HTBLuVA_Salzburg_Logo.png Graphic file (type png)
<use Illustrations/HTBLuVA_Salzburg_Logo.png>
Package pdftex.def Info: Illustrations/HTBLuVA_Salzburg_Logo.png  used on input
 line 1.
(pdftex.def)             Requested size: 70.09094pt x 22.5104pt.


Package fancyhdr Warning: \headheight is too small (26.0pt): 
(fancyhdr)                Make it at least 26.11044pt, for example:
(fancyhdr)                \setlength{\headheight}{26.11044pt}.
(fancyhdr)                You might also make \topmargin smaller to compensate:

(fancyhdr)                \addtolength{\topmargin}{-0.11044pt}.

[9

]
Kapitel 10.
)
File: Illustrations/HTBLuVA_Salzburg_Logo.png Graphic file (type png)
<use Illustrations/HTBLuVA_Salzburg_Logo.png>
Package pdftex.def Info: Illustrations/HTBLuVA_Salzburg_Logo.png  used on input
 line 137.
(pdftex.def)             Requested size: 70.09094pt x 22.5104pt.


Package fancyhdr Warning: \headheight is too small (26.0pt): 
(fancyhdr)                Make it at least 26.11044pt, for example:
(fancyhdr)                \setlength{\headheight}{26.11044pt}.
(fancyhdr)                You might also make \topmargin smaller to compensate:

(fancyhdr)                \addtolength{\topmargin}{-0.11044pt}.

[10

] (diplomarbeit.lof)
\tf@lof=\write5
\openout5 = `diplomarbeit.lof'.

File: Illustrations/HTBLuVA_Salzburg_Logo.png Graphic file (type png)
<use Illustrations/HTBLuVA_Salzburg_Logo.png>
Package pdftex.def Info: Illustrations/HTBLuVA_Salzburg_Logo.png  used on input
 line 141.
(pdftex.def)             Requested size: 70.09094pt x 22.5104pt.


Package fancyhdr Warning: \headheight is too small (26.0pt): 
(fancyhdr)                Make it at least 26.11044pt, for example:
(fancyhdr)                \setlength{\headheight}{26.11044pt}.
(fancyhdr)                You might also make \topmargin smaller to compensate:

(fancyhdr)                \addtolength{\topmargin}{-0.11044pt}.

[11

] (diplomarbeit.lot)
\tf@lot=\write6
\openout6 = `diplomarbeit.lot'.

File: Illustrations/HTBLuVA_Salzburg_Logo.png Graphic file (type png)
<use Illustrations/HTBLuVA_Salzburg_Logo.png>
Package pdftex.def Info: Illustrations/HTBLuVA_Salzburg_Logo.png  used on input
 line 150.
(pdftex.def)             Requested size: 70.09094pt x 22.5104pt.


Package fancyhdr Warning: \headheight is too small (26.0pt): 
(fancyhdr)                Make it at least 26.11044pt, for example:
(fancyhdr)                \setlength{\headheight}{26.11044pt}.
(fancyhdr)                You might also make \topmargin smaller to compensate:

(fancyhdr)                \addtolength{\topmargin}{-0.11044pt}.

[12

]
Anhang A.
(1stAppendix.tex) (2ndAppendix.tex) (3rdAppendix.tex)
File: Illustrations/HTBLuVA_Salzburg_Logo.png Graphic file (type png)
<use Illustrations/HTBLuVA_Salzburg_Logo.png>
Package pdftex.def Info: Illustrations/HTBLuVA_Salzburg_Logo.png  used on input
 line 158.
(pdftex.def)             Requested size: 70.09094pt x 22.5104pt.


Package fancyhdr Warning: \headheight is too small (26.0pt): 
(fancyhdr)                Make it at least 26.11044pt, for example:
(fancyhdr)                \setlength{\headheight}{26.11044pt}.
(fancyhdr)                You might also make \topmargin smaller to compensate:

(fancyhdr)                \addtolength{\topmargin}{-0.11044pt}.

[13

] (diplomarbeit.aux)
Package rerunfilecheck Info: File `diplomarbeit.out' has not changed.
(rerunfilecheck)             Checksum: 0D62691893B5FD5107F2E06314AB4AF7;1723.
 ) 
Here is how much of TeX's memory you used:
 10517 strings out of 479618
 158362 string characters out of 2865027
 661656 words of memory out of 3000000
 27316 multiletter control sequences out of 15000+200000
 458296 words of font info for 70 fonts, out of 3000000 for 9000
 1141 hyphenation exceptions out of 8191
 71i,16n,74p,528b,405s stack positions out of 5000i,500n,10000p,200000b,50000s
{C:/Users/marti/AppData/Local/Programs/MiKTeX/fonts/enc/dvips/lm/lm-ec.enc}<C
:/Users/marti/AppData/Local/Programs/MiKTeX/fonts/type1/public/lm/lmbx10.pfb><C
:/Users/marti/AppData/Local/Programs/MiKTeX/fonts/type1/public/lm/lmbx12.pfb><C
:/Users/marti/AppData/Local/Programs/MiKTeX/fonts/type1/public/lm/lmbx9.pfb><C:
/Users/marti/AppData/Local/Programs/MiKTeX/fonts/type1/public/lm/lmr10.pfb><C:/
Users/marti/AppData/Local/Programs/MiKTeX/fonts/type1/public/lm/lmr12.pfb><C:/U
sers/marti/AppData/Local/Programs/MiKTeX/fonts/type1/public/lm/lmr9.pfb>
Output written on diplomarbeit.pdf (28 pages, 234758 bytes).
PDF statistics:
 319 PDF objects out of 1000 (max. 8388607)
 59 named destinations out of 1000 (max. 500000)
 254 words of extra memory for PDF output out of 10000 (max. 10000000)

