This is pdfTeX, Version 3.141592653-2.6-1.40.22 (MiKTeX 21.2) (preloaded format=pdflatex 2021.3.17)  6 APR 2021 07:03
entering extended mode
**./main.tex
(main.tex
LaTeX2e <2020-10-01> patch level 4
L3 programming layer <2021-02-18> xparse <2020-03-03>
(C:\Users\Tobias.Schmeisser\AppData\Local\Programs\MiKTeX 2.9\tex/latex/base\re
port.cls
Document Class: report 2020/04/10 v1.4m Standard LaTeX document class

(C:\Users\Tobias.Schmeisser\AppData\Local\Programs\MiKTeX 2.9\tex/latex/base\si
ze10.clo
File: size10.clo 2020/04/10 v1.4m Standard LaTeX file (size option)
)
\c@part=\count179
\c@chapter=\count180
\c@section=\count181
\c@subsection=\count182
\c@subsubsection=\count183
\c@paragraph=\count184
\c@subparagraph=\count185
\c@figure=\count186
\c@table=\count187
\abovecaptionskip=\skip47
\belowcaptionskip=\skip48
\bibindent=\dimen138
)
(C:\Users\Tobias.Schmeisser\AppData\Local\Programs\MiKTeX 2.9\tex/latex/ntgclas
s\a4.sty
Package: a4 2020/02/18 v1.2g A4 based page layout
)
(C:\Users\Tobias.Schmeisser\AppData\Local\Programs\MiKTeX 2.9\tex/generic/babel
\babel.sty
Package: babel 2021/03/03 3.55 The Babel package

(C:\Users\Tobias.Schmeisser\AppData\Local\Programs\MiKTeX 2.9\tex/generic/babel
\babel.def
File: babel.def 2021/03/03 3.55 Babel common definitions
\babel@savecnt=\count188
\U@D=\dimen139
\l@babelnohyphens=\language83

(C:\Users\Tobias.Schmeisser\AppData\Local\Programs\MiKTeX 2.9\tex/generic/babel
\txtbabel.def)
\bbl@readstream=\read2
)
\bbl@dirlevel=\count189

*************************************
* Local config file bblopts.cfg used
*

(C:\Users\Tobias.Schmeisser\AppData\Local\Programs\MiKTeX 2.9\tex/latex/arabi\b
blopts.cfg
File: bblopts.cfg 2005/09/08 v0.1 add Arabic and Farsi to "declared" options of
 babel
)
(C:\Users\Tobias.Schmeisser\AppData\Local\Programs\MiKTeX 2.9\tex/latex/babel-g
erman\ngerman.ldf
Language: ngerman 2021/02/27 v2.13 German support for babel (post-1996 orthogra
phy)

(C:\Users\Tobias.Schmeisser\AppData\Local\Programs\MiKTeX 2.9\tex/latex/babel-g
erman\ngermanb.ldf
Language: ngermanb 2021/02/27 v2.13 German support for babel (post-1996 orthogr
aphy)
Package babel Info: Making " an active character on input line 122.
)))
(C:\Users\Tobias.Schmeisser\AppData\Local\Programs\MiKTeX 2.9\tex/latex/base\fo
ntenc.sty
Package: fontenc 2020/08/10 v2.0s Standard LaTeX package
)
(C:\Users\Tobias.Schmeisser\AppData\Local\Programs\MiKTeX 2.9\tex/latex/base\in
putenc.sty
Package: inputenc 2020/08/01 v1.3d Input encoding file
\inpenc@prehook=\toks15
\inpenc@posthook=\toks16
)
(C:\Users\Tobias.Schmeisser\AppData\Local\Programs\MiKTeX 2.9\tex/latex/lm\lmod
ern.sty
Package: lmodern 2009/10/30 v1.6 Latin Modern Fonts
LaTeX Font Info:    Overwriting symbol font `operators' in version `normal'
(Font)                  OT1/cmr/m/n --> OT1/lmr/m/n on input line 22.
LaTeX Font Info:    Overwriting symbol font `letters' in version `normal'
(Font)                  OML/cmm/m/it --> OML/lmm/m/it on input line 23.
LaTeX Font Info:    Overwriting symbol font `symbols' in version `normal'
(Font)                  OMS/cmsy/m/n --> OMS/lmsy/m/n on input line 24.
LaTeX Font Info:    Overwriting symbol font `largesymbols' in version `normal'
(Font)                  OMX/cmex/m/n --> OMX/lmex/m/n on input line 25.
LaTeX Font Info:    Overwriting symbol font `operators' in version `bold'
(Font)                  OT1/cmr/bx/n --> OT1/lmr/bx/n on input line 26.
LaTeX Font Info:    Overwriting symbol font `letters' in version `bold'
(Font)                  OML/cmm/b/it --> OML/lmm/b/it on input line 27.
LaTeX Font Info:    Overwriting symbol font `symbols' in version `bold'
(Font)                  OMS/cmsy/b/n --> OMS/lmsy/b/n on input line 28.
LaTeX Font Info:    Overwriting symbol font `largesymbols' in version `bold'
(Font)                  OMX/cmex/m/n --> OMX/lmex/m/n on input line 29.
LaTeX Font Info:    Overwriting math alphabet `\mathbf' in version `normal'
(Font)                  OT1/cmr/bx/n --> OT1/lmr/bx/n on input line 31.
LaTeX Font Info:    Overwriting math alphabet `\mathsf' in version `normal'
(Font)                  OT1/cmss/m/n --> OT1/lmss/m/n on input line 32.
LaTeX Font Info:    Overwriting math alphabet `\mathit' in version `normal'
(Font)                  OT1/cmr/m/it --> OT1/lmr/m/it on input line 33.
LaTeX Font Info:    Overwriting math alphabet `\mathtt' in version `normal'
(Font)                  OT1/cmtt/m/n --> OT1/lmtt/m/n on input line 34.
LaTeX Font Info:    Overwriting math alphabet `\mathbf' in version `bold'
(Font)                  OT1/cmr/bx/n --> OT1/lmr/bx/n on input line 35.
LaTeX Font Info:    Overwriting math alphabet `\mathsf' in version `bold'
(Font)                  OT1/cmss/bx/n --> OT1/lmss/bx/n on input line 36.
LaTeX Font Info:    Overwriting math alphabet `\mathit' in version `bold'
(Font)                  OT1/cmr/bx/it --> OT1/lmr/bx/it on input line 37.
LaTeX Font Info:    Overwriting math alphabet `\mathtt' in version `bold'
(Font)                  OT1/cmtt/m/n --> OT1/lmtt/m/n on input line 38.
)
(C:\Users\Tobias.Schmeisser\AppData\Local\Programs\MiKTeX 2.9\tex/latex/parskip
\parskip.sty
Package: parskip 2021-03-02 v2.0g non-zero parskip adjustments

(C:\Users\Tobias.Schmeisser\AppData\Local\Programs\MiKTeX 2.9\tex/latex/kvoptio
ns\kvoptions.sty
Package: kvoptions 2020-10-07 v3.14 Key value format for package options (HO)

(C:\Users\Tobias.Schmeisser\AppData\Local\Programs\MiKTeX 2.9\tex/latex/graphic
s\keyval.sty
Package: keyval 2014/10/28 v1.15 key=value parser (DPC)
\KV@toks@=\toks17
)
(C:\Users\Tobias.Schmeisser\AppData\Local\Programs\MiKTeX 2.9\tex/generic/ltxcm
ds\ltxcmds.sty
Package: ltxcmds 2020-05-10 v1.25 LaTeX kernel commands for general use (HO)
)
(C:\Users\Tobias.Schmeisser\AppData\Local\Programs\MiKTeX 2.9\tex/generic/kvset
keys\kvsetkeys.sty
Package: kvsetkeys 2019/12/15 v1.18 Key value parser (HO)
))
(C:\Users\Tobias.Schmeisser\AppData\Local\Programs\MiKTeX 2.9\tex/latex/etoolbo
x\etoolbox.sty
Package: etoolbox 2020/10/05 v2.5k e-TeX tools for LaTeX (JAW)
\etb@tempcnta=\count190
))
(C:\Users\Tobias.Schmeisser\AppData\Local\Programs\MiKTeX 2.9\tex/latex/ragged2
e\ragged2e.sty
Package: ragged2e 2021/02/05 v3.0 ragged2e Package

(C:\Users\Tobias.Schmeisser\AppData\Local\Programs\MiKTeX 2.9\tex/latex/everyse
l\everysel.sty
Package: everysel 2021/01/20 v2.1 EverySelectfont Package (MS)

(C:\Users\Tobias.Schmeisser\AppData\Local\Programs\MiKTeX 2.9\tex/latex/everyse
l\everysel-2011-10-28.sty))
\CenteringLeftskip=\skip49
\RaggedLeftLeftskip=\skip50
\RaggedRightLeftskip=\skip51
\CenteringRightskip=\skip52
\RaggedLeftRightskip=\skip53
\RaggedRightRightskip=\skip54
\CenteringParfillskip=\skip55
\RaggedLeftParfillskip=\skip56
\RaggedRightParfillskip=\skip57
\JustifyingParfillskip=\skip58
\CenteringParindent=\skip59
\RaggedLeftParindent=\skip60
\RaggedRightParindent=\skip61
\JustifyingParindent=\skip62
)
(C:\Users\Tobias.Schmeisser\AppData\Local\Programs\MiKTeX 2.9\tex/latex/biblate
x\biblatex.sty
Package: biblatex 2020/12/31 v3.16 programmable bibliographies (PK/MW)

(C:\Users\Tobias.Schmeisser\AppData\Local\Programs\MiKTeX 2.9\tex/generic/pdfte
xcmds\pdftexcmds.sty
Package: pdftexcmds 2020-06-27 v0.33 Utility functions of pdfTeX for LuaTeX (HO
)

(C:\Users\Tobias.Schmeisser\AppData\Local\Programs\MiKTeX 2.9\tex/generic/infwa
rerr\infwarerr.sty
Package: infwarerr 2019/12/03 v1.5 Providing info/warning/error messages (HO)
)
(C:\Users\Tobias.Schmeisser\AppData\Local\Programs\MiKTeX 2.9\tex/generic/iftex
\iftex.sty
Package: iftex 2020/03/06 v1.0d TeX engine tests
)
Package pdftexcmds Info: \pdf@primitive is available.
Package pdftexcmds Info: \pdf@ifprimitive is available.
Package pdftexcmds Info: \pdfdraftmode found.
)
(C:\Users\Tobias.Schmeisser\AppData\Local\Programs\MiKTeX 2.9\tex/latex/logreq\
logreq.sty
Package: logreq 2010/08/04 v1.0 xml request logger
\lrq@indent=\count191

(C:\Users\Tobias.Schmeisser\AppData\Local\Programs\MiKTeX 2.9\tex/latex/logreq\
logreq.def
File: logreq.def 2010/08/04 v1.0 logreq spec v1.0
))
(C:\Users\Tobias.Schmeisser\AppData\Local\Programs\MiKTeX 2.9\tex/latex/base\if
then.sty
Package: ifthen 2014/09/29 v1.1c Standard LaTeX ifthen package (DPC)
)
(C:\Users\Tobias.Schmeisser\AppData\Local\Programs\MiKTeX 2.9\tex/latex/url\url
.sty
\Urlmuskip=\muskip16
Package: url 2013/09/16  ver 3.4  Verb mode for urls, etc.
)
\c@tabx@nest=\count192
\c@listtotal=\count193
\c@listcount=\count194
\c@liststart=\count195
\c@liststop=\count196
\c@citecount=\count197
\c@citetotal=\count198
\c@multicitecount=\count199
\c@multicitetotal=\count266
\c@instcount=\count267
\c@maxnames=\count268
\c@minnames=\count269
\c@maxitems=\count270
\c@minitems=\count271
\c@citecounter=\count272
\c@maxcitecounter=\count273
\c@savedcitecounter=\count274
\c@uniquelist=\count275
\c@uniquename=\count276
\c@refsection=\count277
\c@refsegment=\count278
\c@maxextratitle=\count279
\c@maxextratitleyear=\count280
\c@maxextraname=\count281
\c@maxextradate=\count282
\c@maxextraalpha=\count283
\c@abbrvpenalty=\count284
\c@highnamepenalty=\count285
\c@lownamepenalty=\count286
\c@maxparens=\count287
\c@parenlevel=\count288
\blx@tempcnta=\count289
\blx@tempcntb=\count290
\blx@tempcntc=\count291
\blx@maxsection=\count292
\blx@maxsegment@0=\count293
\blx@notetype=\count294
\blx@parenlevel@text=\count295
\blx@parenlevel@foot=\count296
\blx@sectionciteorder@0=\count297
\blx@entrysetcounter=\count298
\blx@biblioinstance=\count299
\labelnumberwidth=\skip63
\labelalphawidth=\skip64
\biblabelsep=\skip65
\bibitemsep=\skip66
\bibnamesep=\skip67
\bibinitsep=\skip68
\bibparsep=\skip69
\bibhang=\skip70
\blx@bcfin=\read3
\blx@bcfout=\write3
\blx@langwohyphens=\language84
\c@mincomprange=\count300
\c@maxcomprange=\count301
\c@mincompwidth=\count302
Package biblatex Info: Trying to load biblatex default data model...
Package biblatex Info: ... file 'blx-dm.def' found.

(C:\Users\Tobias.Schmeisser\AppData\Local\Programs\MiKTeX 2.9\tex/latex/biblate
x\blx-dm.def
File: blx-dm.def 2020/12/31 v3.16 biblatex localization (PK/MW)
)
Package biblatex Info: Trying to load biblatex custom data model...
Package biblatex Info: ... file 'biblatex-dm.cfg' not found.
\c@afterword=\count303
\c@savedafterword=\count304
\c@annotator=\count305
\c@savedannotator=\count306
\c@author=\count307
\c@savedauthor=\count308
\c@bookauthor=\count309
\c@savedbookauthor=\count310
\c@commentator=\count311
\c@savedcommentator=\count312
\c@editor=\count313
\c@savededitor=\count314
\c@editora=\count315
\c@savededitora=\count316
\c@editorb=\count317
\c@savededitorb=\count318
\c@editorc=\count319
\c@savededitorc=\count320
\c@foreword=\count321
\c@savedforeword=\count322
\c@holder=\count323
\c@savedholder=\count324
\c@introduction=\count325
\c@savedintroduction=\count326
\c@namea=\count327
\c@savednamea=\count328
\c@nameb=\count329
\c@savednameb=\count330
\c@namec=\count331
\c@savednamec=\count332
\c@translator=\count333
\c@savedtranslator=\count334
\c@shortauthor=\count335
\c@savedshortauthor=\count336
\c@shorteditor=\count337
\c@savedshorteditor=\count338
\c@labelname=\count339
\c@savedlabelname=\count340
\c@institution=\count341
\c@savedinstitution=\count342
\c@lista=\count343
\c@savedlista=\count344
\c@listb=\count345
\c@savedlistb=\count346
\c@listc=\count347
\c@savedlistc=\count348
\c@listd=\count349
\c@savedlistd=\count350
\c@liste=\count351
\c@savedliste=\count352
\c@listf=\count353
\c@savedlistf=\count354
\c@location=\count355
\c@savedlocation=\count356
\c@organization=\count357
\c@savedorganization=\count358
\c@origlocation=\count359
\c@savedoriglocation=\count360
\c@origpublisher=\count361
\c@savedorigpublisher=\count362
\c@publisher=\count363
\c@savedpublisher=\count364
\c@language=\count365
\c@savedlanguage=\count366
\c@origlanguage=\count367
\c@savedoriglanguage=\count368
\c@pageref=\count369
\c@savedpageref=\count370
\shorthandwidth=\skip71
\shortjournalwidth=\skip72
\shortserieswidth=\skip73
\shorttitlewidth=\skip74
\shortauthorwidth=\skip75
\shorteditorwidth=\skip76
\locallabelnumberwidth=\skip77
\locallabelalphawidth=\skip78
\localshorthandwidth=\skip79
\localshortjournalwidth=\skip80
\localshortserieswidth=\skip81
\localshorttitlewidth=\skip82
\localshortauthorwidth=\skip83
\localshorteditorwidth=\skip84
Package biblatex Info: Trying to load compatibility code...
Package biblatex Info: ... file 'blx-compat.def' found.

(C:\Users\Tobias.Schmeisser\AppData\Local\Programs\MiKTeX 2.9\tex/latex/biblate
x\blx-compat.def
File: blx-compat.def 2020/12/31 v3.16 biblatex compatibility (PK/MW)
)
Package biblatex Info: Trying to load generic definitions...
Package biblatex Info: ... file 'biblatex.def' found.

(C:\Users\Tobias.Schmeisser\AppData\Local\Programs\MiKTeX 2.9\tex/latex/biblate
x\biblatex.def
File: biblatex.def 2020/12/31 v3.16 biblatex compatibility (PK/MW)
\c@textcitecount=\count371
\c@textcitetotal=\count372
\c@textcitemaxnames=\count373
\c@biburlbigbreakpenalty=\count374
\c@biburlbreakpenalty=\count375
\c@biburlnumpenalty=\count376
\c@biburlucpenalty=\count377
\c@biburllcpenalty=\count378
\biburlbigskip=\muskip17
\biburlnumskip=\muskip18
\biburlucskip=\muskip19
\biburllcskip=\muskip20
\c@smartand=\count379
)
Package biblatex Info: Trying to load bibliography style 'numeric'...
Package biblatex Info: ... file 'numeric.bbx' found.

(C:\Users\Tobias.Schmeisser\AppData\Local\Programs\MiKTeX 2.9\tex/latex/biblate
x/bbx\numeric.bbx
File: numeric.bbx 2020/12/31 v3.16 biblatex bibliography style (PK/MW)
Package biblatex Info: Trying to load bibliography style 'standard'...
Package biblatex Info: ... file 'standard.bbx' found.

(C:\Users\Tobias.Schmeisser\AppData\Local\Programs\MiKTeX 2.9\tex/latex/biblate
x/bbx\standard.bbx
File: standard.bbx 2020/12/31 v3.16 biblatex bibliography style (PK/MW)
\c@bbx:relatedcount=\count380
\c@bbx:relatedtotal=\count381
))
Package biblatex Info: Trying to load citation style 'numeric'...
Package biblatex Info: ... file 'numeric.cbx' found.

(C:\Users\Tobias.Schmeisser\AppData\Local\Programs\MiKTeX 2.9\tex/latex/biblate
x/cbx\numeric.cbx
File: numeric.cbx 2020/12/31 v3.16 biblatex citation style (PK/MW)
Package biblatex Info: Redefining '\cite'.
Package biblatex Info: Redefining '\parencite'.
Package biblatex Info: Redefining '\footcite'.
Package biblatex Info: Redefining '\footcitetext'.
Package biblatex Info: Redefining '\smartcite'.
Package biblatex Info: Redefining '\supercite'.
Package biblatex Info: Redefining '\textcite'.
Package biblatex Info: Redefining '\textcites'.
Package biblatex Info: Redefining '\cites'.
Package biblatex Info: Redefining '\parencites'.
Package biblatex Info: Redefining '\smartcites'.
)
Package biblatex Info: Trying to load configuration file...
Package biblatex Info: ... file 'biblatex.cfg' found.

(C:\Users\Tobias.Schmeisser\AppData\Local\Programs\MiKTeX 2.9\tex/latex/biblate
x\biblatex.cfg
File: biblatex.cfg 
))
(C:\Users\Tobias.Schmeisser\AppData\Local\Programs\MiKTeX 2.9\tex/latex/graphic
s\graphicx.sty
Package: graphicx 2020/09/09 v1.2b Enhanced LaTeX Graphics (DPC,SPQR)

(C:\Users\Tobias.Schmeisser\AppData\Local\Programs\MiKTeX 2.9\tex/latex/graphic
s\graphics.sty
Package: graphics 2020/08/30 v1.4c Standard LaTeX Graphics (DPC,SPQR)

(C:\Users\Tobias.Schmeisser\AppData\Local\Programs\MiKTeX 2.9\tex/latex/graphic
s\trig.sty
Package: trig 2016/01/03 v1.10 sin cos tan (DPC)
)
(C:\Users\Tobias.Schmeisser\AppData\Local\Programs\MiKTeX 2.9\tex/latex/graphic
s-cfg\graphics.cfg
File: graphics.cfg 2016/06/04 v1.11 sample graphics configuration
)
Package graphics Info: Driver file: pdftex.def on input line 105.

(C:\Users\Tobias.Schmeisser\AppData\Local\Programs\MiKTeX 2.9\tex/latex/graphic
s-def\pdftex.def
File: pdftex.def 2020/10/05 v1.2a Graphics/color driver for pdftex
))
\Gin@req@height=\dimen140
\Gin@req@width=\dimen141
)
(C:\Users\Tobias.Schmeisser\AppData\Local\Programs\MiKTeX 2.9\tex/latex/wrapfig
\wrapfig.sty
\wrapoverhang=\dimen142
\WF@size=\dimen143
\c@WF@wrappedlines=\count382
\WF@box=\box47
\WF@everypar=\toks18
Package: wrapfig 2003/01/31  v 3.6
)
(C:\Users\Tobias.Schmeisser\AppData\Local\Programs\MiKTeX 2.9\tex/latex/lipsum\
lipsum.sty
(C:\Users\Tobias.Schmeisser\AppData\Local\Programs\MiKTeX 2.9\tex/latex/l3kerne
l\expl3.sty
Package: expl3 2021-02-18 L3 programming layer (loader) 

(C:\Users\Tobias.Schmeisser\AppData\Local\Programs\MiKTeX 2.9\tex/latex/l3backe
nd\l3backend-pdftex.def
File: l3backend-pdftex.def 2021-03-02 L3 backend support: PDF output (pdfTeX)
\l__color_backend_stack_int=\count383
\l__pdf_internal_box=\box48
))
(C:\Users\Tobias.Schmeisser\AppData\Local\Programs\MiKTeX 2.9\tex/latex/l3packa
ges/xparse\xparse.sty
Package: xparse 2020-10-27 L3 Experimental document command parser

(C:\Users\Tobias.Schmeisser\AppData\Local\Programs\MiKTeX 2.9\tex/latex/l3packa
ges/xparse\xparse-generic.tex))
Package: lipsum 2021-03-03 v2.3 150 paragraphs of Lorem Ipsum dummy text

(C:\Users\Tobias.Schmeisser\AppData\Local\Programs\MiKTeX 2.9\tex/latex/lipsum\
lipsum.ltd.tex
File: lipsum.ltd.tex 2021-03-03 v2.3 The Lorem ipsum dummy text
))
(C:\Users\Tobias.Schmeisser\AppData\Local\Programs\MiKTeX 2.9\tex/latex/subfig\
subfig.sty
Package: subfig 2005/06/28 ver: 1.3 subfig package

(C:\Users\Tobias.Schmeisser\AppData\Local\Programs\MiKTeX 2.9\tex/latex/caption
\caption.sty
Package: caption 2020/10/26 v3.5g Customizing captions (AR)

(C:\Users\Tobias.Schmeisser\AppData\Local\Programs\MiKTeX 2.9\tex/latex/caption
\caption3.sty
Package: caption3 2020/10/21 v2.2e caption3 kernel (AR)
\captionmargin=\dimen144
\captionmargin@=\dimen145
\captionwidth=\dimen146
\caption@tempdima=\dimen147
\caption@indent=\dimen148
\caption@parindent=\dimen149
\caption@hangindent=\dimen150
Package caption Info: Standard document class detected.
)
\c@caption@flags=\count384
\c@continuedfloat=\count385
Package caption Info: wrapfig package is loaded.
)
\c@KVtest=\count386
\sf@farskip=\skip85
\sf@captopadj=\dimen151
\sf@capskip=\skip86
\sf@nearskip=\skip87
\c@subfigure=\count387
\c@subfigure@save=\count388
\c@lofdepth=\count389
\c@subtable=\count390
\c@subtable@save=\count391
\c@lotdepth=\count392
\sf@top=\skip88
\sf@bottom=\skip89
)
(C:\Users\Tobias.Schmeisser\AppData\Local\Programs\MiKTeX 2.9\tex/latex/pgf/fro
ntendlayer\tikz.sty
(C:\Users\Tobias.Schmeisser\AppData\Local\Programs\MiKTeX 2.9\tex/latex/pgf/bas
iclayer\pgf.sty
(C:\Users\Tobias.Schmeisser\AppData\Local\Programs\MiKTeX 2.9\tex/latex/pgf/uti
lities\pgfrcs.sty
(C:\Users\Tobias.Schmeisser\AppData\Local\Programs\MiKTeX 2.9\tex/generic/pgf/u
tilities\pgfutil-common.tex
\pgfutil@everybye=\toks19
\pgfutil@tempdima=\dimen152
\pgfutil@tempdimb=\dimen153

(C:\Users\Tobias.Schmeisser\AppData\Local\Programs\MiKTeX 2.9\tex/generic/pgf/u
tilities\pgfutil-common-lists.tex))
(C:\Users\Tobias.Schmeisser\AppData\Local\Programs\MiKTeX 2.9\tex/generic/pgf/u
tilities\pgfutil-latex.def
\pgfutil@abb=\box49
)
(C:\Users\Tobias.Schmeisser\AppData\Local\Programs\MiKTeX 2.9\tex/generic/pgf/u
tilities\pgfrcs.code.tex
(C:\Users\Tobias.Schmeisser\AppData\Local\Programs\MiKTeX 2.9\tex/generic/pgf\p
gf.revision.tex)
Package: pgfrcs 2020/12/27 v3.1.8b (3.1.8b)
))
Package: pgf 2020/12/27 v3.1.8b (3.1.8b)

(C:\Users\Tobias.Schmeisser\AppData\Local\Programs\MiKTeX 2.9\tex/latex/pgf/bas
iclayer\pgfcore.sty
(C:\Users\Tobias.Schmeisser\AppData\Local\Programs\MiKTeX 2.9\tex/latex/pgf/sys
temlayer\pgfsys.sty
(C:\Users\Tobias.Schmeisser\AppData\Local\Programs\MiKTeX 2.9\tex/generic/pgf/s
ystemlayer\pgfsys.code.tex
Package: pgfsys 2020/12/27 v3.1.8b (3.1.8b)

(C:\Users\Tobias.Schmeisser\AppData\Local\Programs\MiKTeX 2.9\tex/generic/pgf/u
tilities\pgfkeys.code.tex
\pgfkeys@pathtoks=\toks20
\pgfkeys@temptoks=\toks21

(C:\Users\Tobias.Schmeisser\AppData\Local\Programs\MiKTeX 2.9\tex/generic/pgf/u
tilities\pgfkeysfiltered.code.tex
\pgfkeys@tmptoks=\toks22
))
\pgf@x=\dimen154
\pgf@y=\dimen155
\pgf@xa=\dimen156
\pgf@ya=\dimen157
\pgf@xb=\dimen158
\pgf@yb=\dimen159
\pgf@xc=\dimen160
\pgf@yc=\dimen161
\pgf@xd=\dimen162
\pgf@yd=\dimen163
\w@pgf@writea=\write4
\r@pgf@reada=\read4
\c@pgf@counta=\count393
\c@pgf@countb=\count394
\c@pgf@countc=\count395
\c@pgf@countd=\count396
\t@pgf@toka=\toks23
\t@pgf@tokb=\toks24
\t@pgf@tokc=\toks25
\pgf@sys@id@count=\count397

(C:\Users\Tobias.Schmeisser\AppData\Local\Programs\MiKTeX 2.9\tex/generic/pgf/s
ystemlayer\pgf.cfg
File: pgf.cfg 2020/12/27 v3.1.8b (3.1.8b)
)
Driver file for pgf: pgfsys-pdftex.def

(C:\Users\Tobias.Schmeisser\AppData\Local\Programs\MiKTeX 2.9\tex/generic/pgf/s
ystemlayer\pgfsys-pdftex.def
File: pgfsys-pdftex.def 2020/12/27 v3.1.8b (3.1.8b)

(C:\Users\Tobias.Schmeisser\AppData\Local\Programs\MiKTeX 2.9\tex/generic/pgf/s
ystemlayer\pgfsys-common-pdf.def
File: pgfsys-common-pdf.def 2020/12/27 v3.1.8b (3.1.8b)
)))
(C:\Users\Tobias.Schmeisser\AppData\Local\Programs\MiKTeX 2.9\tex/generic/pgf/s
ystemlayer\pgfsyssoftpath.code.tex
File: pgfsyssoftpath.code.tex 2020/12/27 v3.1.8b (3.1.8b)
\pgfsyssoftpath@smallbuffer@items=\count398
\pgfsyssoftpath@bigbuffer@items=\count399
)
(C:\Users\Tobias.Schmeisser\AppData\Local\Programs\MiKTeX 2.9\tex/generic/pgf/s
ystemlayer\pgfsysprotocol.code.tex
File: pgfsysprotocol.code.tex 2020/12/27 v3.1.8b (3.1.8b)
))
(C:\Users\Tobias.Schmeisser\AppData\Local\Programs\MiKTeX 2.9\tex/latex/xcolor\
xcolor.sty
Package: xcolor 2016/05/11 v2.12 LaTeX color extensions (UK)

(C:\Users\Tobias.Schmeisser\AppData\Local\Programs\MiKTeX 2.9\tex/latex/graphic
s-cfg\color.cfg
File: color.cfg 2016/01/02 v1.6 sample color configuration
)
Package xcolor Info: Driver file: pdftex.def on input line 225.
Package xcolor Info: Model `cmy' substituted by `cmy0' on input line 1348.
Package xcolor Info: Model `hsb' substituted by `rgb' on input line 1352.
Package xcolor Info: Model `RGB' extended on input line 1364.
Package xcolor Info: Model `HTML' substituted by `rgb' on input line 1366.
Package xcolor Info: Model `Hsb' substituted by `hsb' on input line 1367.
Package xcolor Info: Model `tHsb' substituted by `hsb' on input line 1368.
Package xcolor Info: Model `HSB' substituted by `hsb' on input line 1369.
Package xcolor Info: Model `Gray' substituted by `gray' on input line 1370.
Package xcolor Info: Model `wave' substituted by `hsb' on input line 1371.
)
(C:\Users\Tobias.Schmeisser\AppData\Local\Programs\MiKTeX 2.9\tex/generic/pgf/b
asiclayer\pgfcore.code.tex
Package: pgfcore 2020/12/27 v3.1.8b (3.1.8b)

(C:\Users\Tobias.Schmeisser\AppData\Local\Programs\MiKTeX 2.9\tex/generic/pgf/m
ath\pgfmath.code.tex
(C:\Users\Tobias.Schmeisser\AppData\Local\Programs\MiKTeX 2.9\tex/generic/pgf/m
ath\pgfmathcalc.code.tex
(C:\Users\Tobias.Schmeisser\AppData\Local\Programs\MiKTeX 2.9\tex/generic/pgf/m
ath\pgfmathutil.code.tex)
(C:\Users\Tobias.Schmeisser\AppData\Local\Programs\MiKTeX 2.9\tex/generic/pgf/m
ath\pgfmathparser.code.tex
\pgfmath@dimen=\dimen164
\pgfmath@count=\count400
\pgfmath@box=\box50
\pgfmath@toks=\toks26
\pgfmath@stack@operand=\toks27
\pgfmath@stack@operation=\toks28
)
(C:\Users\Tobias.Schmeisser\AppData\Local\Programs\MiKTeX 2.9\tex/generic/pgf/m
ath\pgfmathfunctions.code.tex
(C:\Users\Tobias.Schmeisser\AppData\Local\Programs\MiKTeX 2.9\tex/generic/pgf/m
ath\pgfmathfunctions.basic.code.tex)
(C:\Users\Tobias.Schmeisser\AppData\Local\Programs\MiKTeX 2.9\tex/generic/pgf/m
ath\pgfmathfunctions.trigonometric.code.tex)
(C:\Users\Tobias.Schmeisser\AppData\Local\Programs\MiKTeX 2.9\tex/generic/pgf/m
ath\pgfmathfunctions.random.code.tex)
(C:\Users\Tobias.Schmeisser\AppData\Local\Programs\MiKTeX 2.9\tex/generic/pgf/m
ath\pgfmathfunctions.comparison.code.tex)
(C:\Users\Tobias.Schmeisser\AppData\Local\Programs\MiKTeX 2.9\tex/generic/pgf/m
ath\pgfmathfunctions.base.code.tex)
(C:\Users\Tobias.Schmeisser\AppData\Local\Programs\MiKTeX 2.9\tex/generic/pgf/m
ath\pgfmathfunctions.round.code.tex)
(C:\Users\Tobias.Schmeisser\AppData\Local\Programs\MiKTeX 2.9\tex/generic/pgf/m
ath\pgfmathfunctions.misc.code.tex)
(C:\Users\Tobias.Schmeisser\AppData\Local\Programs\MiKTeX 2.9\tex/generic/pgf/m
ath\pgfmathfunctions.integerarithmetics.code.tex)))
(C:\Users\Tobias.Schmeisser\AppData\Local\Programs\MiKTeX 2.9\tex/generic/pgf/m
ath\pgfmathfloat.code.tex
\c@pgfmathroundto@lastzeros=\count401
))
(C:\Users\Tobias.Schmeisser\AppData\Local\Programs\MiKTeX 2.9\tex/generic/pgf/m
ath\pgfint.code.tex)
(C:\Users\Tobias.Schmeisser\AppData\Local\Programs\MiKTeX 2.9\tex/generic/pgf/b
asiclayer\pgfcorepoints.code.tex
File: pgfcorepoints.code.tex 2020/12/27 v3.1.8b (3.1.8b)
\pgf@picminx=\dimen165
\pgf@picmaxx=\dimen166
\pgf@picminy=\dimen167
\pgf@picmaxy=\dimen168
\pgf@pathminx=\dimen169
\pgf@pathmaxx=\dimen170
\pgf@pathminy=\dimen171
\pgf@pathmaxy=\dimen172
\pgf@xx=\dimen173
\pgf@xy=\dimen174
\pgf@yx=\dimen175
\pgf@yy=\dimen176
\pgf@zx=\dimen177
\pgf@zy=\dimen178
)
(C:\Users\Tobias.Schmeisser\AppData\Local\Programs\MiKTeX 2.9\tex/generic/pgf/b
asiclayer\pgfcorepathconstruct.code.tex
File: pgfcorepathconstruct.code.tex 2020/12/27 v3.1.8b (3.1.8b)
\pgf@path@lastx=\dimen179
\pgf@path@lasty=\dimen180
)
(C:\Users\Tobias.Schmeisser\AppData\Local\Programs\MiKTeX 2.9\tex/generic/pgf/b
asiclayer\pgfcorepathusage.code.tex
File: pgfcorepathusage.code.tex 2020/12/27 v3.1.8b (3.1.8b)
\pgf@shorten@end@additional=\dimen181
\pgf@shorten@start@additional=\dimen182
)
(C:\Users\Tobias.Schmeisser\AppData\Local\Programs\MiKTeX 2.9\tex/generic/pgf/b
asiclayer\pgfcorescopes.code.tex
File: pgfcorescopes.code.tex 2020/12/27 v3.1.8b (3.1.8b)
\pgfpic=\box51
\pgf@hbox=\box52
\pgf@layerbox@main=\box53
\pgf@picture@serial@count=\count402
)
(C:\Users\Tobias.Schmeisser\AppData\Local\Programs\MiKTeX 2.9\tex/generic/pgf/b
asiclayer\pgfcoregraphicstate.code.tex
File: pgfcoregraphicstate.code.tex 2020/12/27 v3.1.8b (3.1.8b)
\pgflinewidth=\dimen183
)
(C:\Users\Tobias.Schmeisser\AppData\Local\Programs\MiKTeX 2.9\tex/generic/pgf/b
asiclayer\pgfcoretransformations.code.tex
File: pgfcoretransformations.code.tex 2020/12/27 v3.1.8b (3.1.8b)
\pgf@pt@x=\dimen184
\pgf@pt@y=\dimen185
\pgf@pt@temp=\dimen186
)
(C:\Users\Tobias.Schmeisser\AppData\Local\Programs\MiKTeX 2.9\tex/generic/pgf/b
asiclayer\pgfcorequick.code.tex
File: pgfcorequick.code.tex 2020/12/27 v3.1.8b (3.1.8b)
)
(C:\Users\Tobias.Schmeisser\AppData\Local\Programs\MiKTeX 2.9\tex/generic/pgf/b
asiclayer\pgfcoreobjects.code.tex
File: pgfcoreobjects.code.tex 2020/12/27 v3.1.8b (3.1.8b)
)
(C:\Users\Tobias.Schmeisser\AppData\Local\Programs\MiKTeX 2.9\tex/generic/pgf/b
asiclayer\pgfcorepathprocessing.code.tex
File: pgfcorepathprocessing.code.tex 2020/12/27 v3.1.8b (3.1.8b)
)
(C:\Users\Tobias.Schmeisser\AppData\Local\Programs\MiKTeX 2.9\tex/generic/pgf/b
asiclayer\pgfcorearrows.code.tex
File: pgfcorearrows.code.tex 2020/12/27 v3.1.8b (3.1.8b)
\pgfarrowsep=\dimen187
)
(C:\Users\Tobias.Schmeisser\AppData\Local\Programs\MiKTeX 2.9\tex/generic/pgf/b
asiclayer\pgfcoreshade.code.tex
File: pgfcoreshade.code.tex 2020/12/27 v3.1.8b (3.1.8b)
\pgf@max=\dimen188
\pgf@sys@shading@range@num=\count403
\pgf@shadingcount=\count404
)
(C:\Users\Tobias.Schmeisser\AppData\Local\Programs\MiKTeX 2.9\tex/generic/pgf/b
asiclayer\pgfcoreimage.code.tex
File: pgfcoreimage.code.tex 2020/12/27 v3.1.8b (3.1.8b)

(C:\Users\Tobias.Schmeisser\AppData\Local\Programs\MiKTeX 2.9\tex/generic/pgf/b
asiclayer\pgfcoreexternal.code.tex
File: pgfcoreexternal.code.tex 2020/12/27 v3.1.8b (3.1.8b)
\pgfexternal@startupbox=\box54
))
(C:\Users\Tobias.Schmeisser\AppData\Local\Programs\MiKTeX 2.9\tex/generic/pgf/b
asiclayer\pgfcorelayers.code.tex
File: pgfcorelayers.code.tex 2020/12/27 v3.1.8b (3.1.8b)
)
(C:\Users\Tobias.Schmeisser\AppData\Local\Programs\MiKTeX 2.9\tex/generic/pgf/b
asiclayer\pgfcoretransparency.code.tex
File: pgfcoretransparency.code.tex 2020/12/27 v3.1.8b (3.1.8b)
)
(C:\Users\Tobias.Schmeisser\AppData\Local\Programs\MiKTeX 2.9\tex/generic/pgf/b
asiclayer\pgfcorepatterns.code.tex
File: pgfcorepatterns.code.tex 2020/12/27 v3.1.8b (3.1.8b)
)
(C:\Users\Tobias.Schmeisser\AppData\Local\Programs\MiKTeX 2.9\tex/generic/pgf/b
asiclayer\pgfcorerdf.code.tex
File: pgfcorerdf.code.tex 2020/12/27 v3.1.8b (3.1.8b)
)))
(C:\Users\Tobias.Schmeisser\AppData\Local\Programs\MiKTeX 2.9\tex/generic/pgf/m
odules\pgfmoduleshapes.code.tex
File: pgfmoduleshapes.code.tex 2020/12/27 v3.1.8b (3.1.8b)
\pgfnodeparttextbox=\box55
)
(C:\Users\Tobias.Schmeisser\AppData\Local\Programs\MiKTeX 2.9\tex/generic/pgf/m
odules\pgfmoduleplot.code.tex
File: pgfmoduleplot.code.tex 2020/12/27 v3.1.8b (3.1.8b)
)
(C:\Users\Tobias.Schmeisser\AppData\Local\Programs\MiKTeX 2.9\tex/latex/pgf/com
patibility\pgfcomp-version-0-65.sty
Package: pgfcomp-version-0-65 2020/12/27 v3.1.8b (3.1.8b)
\pgf@nodesepstart=\dimen189
\pgf@nodesepend=\dimen190
)
(C:\Users\Tobias.Schmeisser\AppData\Local\Programs\MiKTeX 2.9\tex/latex/pgf/com
patibility\pgfcomp-version-1-18.sty
Package: pgfcomp-version-1-18 2020/12/27 v3.1.8b (3.1.8b)
))
(C:\Users\Tobias.Schmeisser\AppData\Local\Programs\MiKTeX 2.9\tex/latex/pgf/uti
lities\pgffor.sty
(C:\Users\Tobias.Schmeisser\AppData\Local\Programs\MiKTeX 2.9\tex/latex/pgf/uti
lities\pgfkeys.sty
(C:\Users\Tobias.Schmeisser\AppData\Local\Programs\MiKTeX 2.9\tex/generic/pgf/u
tilities\pgfkeys.code.tex))
(C:\Users\Tobias.Schmeisser\AppData\Local\Programs\MiKTeX 2.9\tex/latex/pgf/mat
h\pgfmath.sty
(C:\Users\Tobias.Schmeisser\AppData\Local\Programs\MiKTeX 2.9\tex/generic/pgf/m
ath\pgfmath.code.tex))
(C:\Users\Tobias.Schmeisser\AppData\Local\Programs\MiKTeX 2.9\tex/generic/pgf/u
tilities\pgffor.code.tex
Package: pgffor 2020/12/27 v3.1.8b (3.1.8b)

(C:\Users\Tobias.Schmeisser\AppData\Local\Programs\MiKTeX 2.9\tex/generic/pgf/m
ath\pgfmath.code.tex)
\pgffor@iter=\dimen191
\pgffor@skip=\dimen192
\pgffor@stack=\toks29
\pgffor@toks=\toks30
))
(C:\Users\Tobias.Schmeisser\AppData\Local\Programs\MiKTeX 2.9\tex/generic/pgf/f
rontendlayer/tikz\tikz.code.tex
Package: tikz 2020/12/27 v3.1.8b (3.1.8b)

(C:\Users\Tobias.Schmeisser\AppData\Local\Programs\MiKTeX 2.9\tex/generic/pgf/l
ibraries\pgflibraryplothandlers.code.tex
File: pgflibraryplothandlers.code.tex 2020/12/27 v3.1.8b (3.1.8b)
\pgf@plot@mark@count=\count405
\pgfplotmarksize=\dimen193
)
\tikz@lastx=\dimen194
\tikz@lasty=\dimen195
\tikz@lastxsaved=\dimen196
\tikz@lastysaved=\dimen197
\tikz@lastmovetox=\dimen198
\tikz@lastmovetoy=\dimen199
\tikzleveldistance=\dimen256
\tikzsiblingdistance=\dimen257
\tikz@figbox=\box56
\tikz@figbox@bg=\box57
\tikz@tempbox=\box58
\tikz@tempbox@bg=\box59
\tikztreelevel=\count406
\tikznumberofchildren=\count407
\tikznumberofcurrentchild=\count408
\tikz@fig@count=\count409

(C:\Users\Tobias.Schmeisser\AppData\Local\Programs\MiKTeX 2.9\tex/generic/pgf/m
odules\pgfmodulematrix.code.tex
File: pgfmodulematrix.code.tex 2020/12/27 v3.1.8b (3.1.8b)
\pgfmatrixcurrentrow=\count410
\pgfmatrixcurrentcolumn=\count411
\pgf@matrix@numberofcolumns=\count412
)
\tikz@expandcount=\count413

(C:\Users\Tobias.Schmeisser\AppData\Local\Programs\MiKTeX 2.9\tex/generic/pgf/f
rontendlayer/tikz/libraries\tikzlibrarytopaths.code.tex
File: tikzlibrarytopaths.code.tex 2020/12/27 v3.1.8b (3.1.8b)
)))
(C:\Users\Tobias.Schmeisser\AppData\Local\Programs\MiKTeX 2.9\tex/latex/pdfpage
s\pdfpages.sty
Package: pdfpages 2021/03/06 v0.5t Insert pages of external PDF documents (AM)

(C:\Users\Tobias.Schmeisser\AppData\Local\Programs\MiKTeX 2.9\tex/latex/latex-t
ools\calc.sty
Package: calc 2017/05/25 v4.3 Infix arithmetic (KKT,FJ)
\calc@Acount=\count414
\calc@Bcount=\count415
\calc@Adimen=\dimen258
\calc@Bdimen=\dimen259
\calc@Askip=\skip90
\calc@Bskip=\skip91
LaTeX Info: Redefining \setlength on input line 80.
LaTeX Info: Redefining \addtolength on input line 81.
\calc@Ccount=\count416
\calc@Cskip=\skip92
)
(C:\Users\Tobias.Schmeisser\AppData\Local\Programs\MiKTeX 2.9\tex/latex/eso-pic
\eso-pic.sty
Package: eso-pic 2020/10/14 v3.0a eso-pic (RN)
\ESO@tempdima=\dimen260
\ESO@tempdimb=\dimen261
)
\AM@pagewidth=\dimen262
\AM@pageheight=\dimen263
\AM@fboxrule=\dimen264

(C:\Users\Tobias.Schmeisser\AppData\Local\Programs\MiKTeX 2.9\tex/latex/pdfpage
s\pppdftex.def
File: pppdftex.def 2021/03/06 v0.5t Pdfpages driver for pdfTeX (AM)
)
\pdfpages@includegraphics@status=\count417
\AM@pagebox=\box60
\AM@global@opts=\toks31
\AM@pagecnt=\count418
\AM@toc@title=\toks32
\c@AM@survey=\count419
\AM@templatesizebox=\box61
)
(C:\Users\Tobias.Schmeisser\AppData\Local\Programs\MiKTeX 2.9\tex/latex/amsmath
\amsmath.sty
Package: amsmath 2020/09/23 v2.17i AMS math features
\@mathmargin=\skip93

For additional information on amsmath, use the `?' option.

(C:\Users\Tobias.Schmeisser\AppData\Local\Programs\MiKTeX 2.9\tex/latex/amsmath
\amstext.sty
Package: amstext 2000/06/29 v2.01 AMS text

(C:\Users\Tobias.Schmeisser\AppData\Local\Programs\MiKTeX 2.9\tex/latex/amsmath
\amsgen.sty
File: amsgen.sty 1999/11/30 v2.0 generic functions
\@emptytoks=\toks33
\ex@=\dimen265
))
(C:\Users\Tobias.Schmeisser\AppData\Local\Programs\MiKTeX 2.9\tex/latex/amsmath
\amsbsy.sty
Package: amsbsy 1999/11/29 v1.2d Bold Symbols
\pmbraise@=\dimen266
)
(C:\Users\Tobias.Schmeisser\AppData\Local\Programs\MiKTeX 2.9\tex/latex/amsmath
\amsopn.sty
Package: amsopn 2016/03/08 v2.02 operator names
)
\inf@bad=\count420
LaTeX Info: Redefining \frac on input line 234.
\uproot@=\count421
\leftroot@=\count422
LaTeX Info: Redefining \overline on input line 399.
\classnum@=\count423
\DOTSCASE@=\count424
LaTeX Info: Redefining \ldots on input line 496.
LaTeX Info: Redefining \dots on input line 499.
LaTeX Info: Redefining \cdots on input line 620.
\Mathstrutbox@=\box62
\strutbox@=\box63
\big@size=\dimen267
LaTeX Font Info:    Redeclaring font encoding OML on input line 743.
LaTeX Font Info:    Redeclaring font encoding OMS on input line 744.
\macc@depth=\count425
\c@MaxMatrixCols=\count426
\dotsspace@=\muskip21
\c@parentequation=\count427
\dspbrk@lvl=\count428
\tag@help=\toks34
\row@=\count429
\column@=\count430
\maxfields@=\count431
\andhelp@=\toks35
\eqnshift@=\dimen268
\alignsep@=\dimen269
\tagshift@=\dimen270
\tagwidth@=\dimen271
\totwidth@=\dimen272
\lineht@=\dimen273
\@envbody=\toks36
\multlinegap=\skip94
\multlinetaggap=\skip95
\mathdisplay@stack=\toks37
LaTeX Info: Redefining \[ on input line 2923.
LaTeX Info: Redefining \] on input line 2924.
)
(C:\Users\Tobias.Schmeisser\AppData\Local\Programs\MiKTeX 2.9\tex/latex/amsfont
s\amssymb.sty
Package: amssymb 2013/01/14 v3.01 AMS font symbols

(C:\Users\Tobias.Schmeisser\AppData\Local\Programs\MiKTeX 2.9\tex/latex/amsfont
s\amsfonts.sty
Package: amsfonts 2013/01/14 v3.01 Basic AMSFonts support
\symAMSa=\mathgroup4
\symAMSb=\mathgroup5
LaTeX Font Info:    Redeclaring math symbol \hbar on input line 98.
LaTeX Font Info:    Overwriting math alphabet `\mathfrak' in version `bold'
(Font)                  U/euf/m/n --> U/euf/b/n on input line 106.
))
(C:\Users\Tobias.Schmeisser\AppData\Local\Programs\MiKTeX 2.9\tex/latex/amsmath
\amscd.sty
Package: amscd 2017/04/14 v2.1 AMS Commutative Diagrams
\athelp@=\toks38
\minaw@=\dimen274
\bigaw@=\dimen275
\minCDarrowwidth=\dimen276
)
(C:\Users\Tobias.Schmeisser\AppData\Local\Programs\MiKTeX 2.9\tex/latex/amscls\
amsthm.sty
Package: amsthm 2020/05/29 v2.20.6
\thm@style=\toks39
\thm@bodyfont=\toks40
\thm@headfont=\toks41
\thm@notefont=\toks42
\thm@headpunct=\toks43
\thm@preskip=\skip96
\thm@postskip=\skip97
\thm@headsep=\skip98
\dth@everypar=\toks44
)
(C:\Users\Tobias.Schmeisser\AppData\Local\Programs\MiKTeX 2.9\tex/latex/hyperre
f\hyperref.sty
Package: hyperref 2021-02-27 v7.00k Hypertext links for LaTeX

(C:\Users\Tobias.Schmeisser\AppData\Local\Programs\MiKTeX 2.9\tex/generic/kvdef
inekeys\kvdefinekeys.sty
Package: kvdefinekeys 2019-12-19 v1.6 Define keys (HO)
)
(C:\Users\Tobias.Schmeisser\AppData\Local\Programs\MiKTeX 2.9\tex/generic/pdfes
cape\pdfescape.sty
Package: pdfescape 2019/12/09 v1.15 Implements pdfTeX's escape features (HO)
)
(C:\Users\Tobias.Schmeisser\AppData\Local\Programs\MiKTeX 2.9\tex/latex/hycolor
\hycolor.sty
Package: hycolor 2020-01-27 v1.10 Color options for hyperref/bookmark (HO)
)
(C:\Users\Tobias.Schmeisser\AppData\Local\Programs\MiKTeX 2.9\tex/latex/letltxm
acro\letltxmacro.sty
Package: letltxmacro 2019/12/03 v1.6 Let assignment for LaTeX macros (HO)
)
(C:\Users\Tobias.Schmeisser\AppData\Local\Programs\MiKTeX 2.9\tex/latex/auxhook
\auxhook.sty
Package: auxhook 2019-12-17 v1.6 Hooks for auxiliary files (HO)
)
\@linkdim=\dimen277
\Hy@linkcounter=\count432
\Hy@pagecounter=\count433

(C:\Users\Tobias.Schmeisser\AppData\Local\Programs\MiKTeX 2.9\tex/latex/hyperre
f\pd1enc.def
File: pd1enc.def 2021-02-27 v7.00k Hyperref: PDFDocEncoding definition (HO)
Now handling font encoding PD1 ...
... no UTF-8 mapping file for font encoding PD1
)
(C:\Users\Tobias.Schmeisser\AppData\Local\Programs\MiKTeX 2.9\tex/latex/hyperre
f\hyperref-langpatches.def
File: hyperref-langpatches.def 2021-02-27 v7.00k Hyperref: patches for babel la
nguages
)
(C:\Users\Tobias.Schmeisser\AppData\Local\Programs\MiKTeX 2.9\tex/generic/intca
lc\intcalc.sty
Package: intcalc 2019/12/15 v1.3 Expandable calculations with integers (HO)
)
(C:\Users\Tobias.Schmeisser\AppData\Local\Programs\MiKTeX 2.9\tex/generic/etexc
mds\etexcmds.sty
Package: etexcmds 2019/12/15 v1.7 Avoid name clashes with e-TeX commands (HO)
)
\Hy@SavedSpaceFactor=\count434

(C:\Users\Tobias.Schmeisser\AppData\Local\Programs\MiKTeX 2.9\tex/latex/hyperre
f\puenc.def
File: puenc.def 2021-02-27 v7.00k Hyperref: PDF Unicode definition (HO)
Now handling font encoding PU ...
... no UTF-8 mapping file for font encoding PU
)
Package hyperref Info: Hyper figures OFF on input line 4192.
Package hyperref Info: Link nesting OFF on input line 4197.
Package hyperref Info: Hyper index ON on input line 4200.
Package hyperref Info: Plain pages OFF on input line 4207.
Package hyperref Info: Backreferencing OFF on input line 4212.
Package hyperref Info: Implicit mode ON; LaTeX internals redefined.
Package hyperref Info: Bookmarks ON on input line 4445.
\c@Hy@tempcnt=\count435
LaTeX Info: Redefining \url on input line 4804.
\XeTeXLinkMargin=\dimen278

(C:\Users\Tobias.Schmeisser\AppData\Local\Programs\MiKTeX 2.9\tex/generic/bitse
t\bitset.sty
Package: bitset 2019/12/09 v1.3 Handle bit-vector datatype (HO)

(C:\Users\Tobias.Schmeisser\AppData\Local\Programs\MiKTeX 2.9\tex/generic/bigin
tcalc\bigintcalc.sty
Package: bigintcalc 2019/12/15 v1.5 Expandable calculations on big integers (HO
)
))
\Fld@menulength=\count436
\Field@Width=\dimen279
\Fld@charsize=\dimen280
Package hyperref Info: Hyper figures OFF on input line 6075.
Package hyperref Info: Link nesting OFF on input line 6080.
Package hyperref Info: Hyper index ON on input line 6083.
Package hyperref Info: backreferencing OFF on input line 6090.
Package hyperref Info: Link coloring OFF on input line 6095.
Package hyperref Info: Link coloring with OCG OFF on input line 6100.
Package hyperref Info: PDF/A mode OFF on input line 6105.
LaTeX Info: Redefining \ref on input line 6145.
LaTeX Info: Redefining \pageref on input line 6149.

(C:\Users\Tobias.Schmeisser\AppData\Local\Programs\MiKTeX 2.9\tex/latex/base\at
begshi-ltx.sty
Package: atbegshi-ltx 2020/08/17 v1.0a Emulation of the original atbegshi packa
ge
with kernel methods
)
\Hy@abspage=\count437
\c@Item=\count438
\c@Hfootnote=\count439
)
Package hyperref Info: Driver (autodetected): hpdftex.

(C:\Users\Tobias.Schmeisser\AppData\Local\Programs\MiKTeX 2.9\tex/latex/hyperre
f\hpdftex.def
File: hpdftex.def 2021-02-27 v7.00k Hyperref driver for pdfTeX

(C:\Users\Tobias.Schmeisser\AppData\Local\Programs\MiKTeX 2.9\tex/latex/base\at
veryend-ltx.sty
Package: atveryend-ltx 2020/08/19 v1.0a Emulation of the original atvery packag
e
with kernel methods
)
\Fld@listcount=\count440
\c@bookmark@seq@number=\count441

(C:\Users\Tobias.Schmeisser\AppData\Local\Programs\MiKTeX 2.9\tex/latex/rerunfi
lecheck\rerunfilecheck.sty
Package: rerunfilecheck 2019/12/05 v1.9 Rerun checks for auxiliary files (HO)

(C:\Users\Tobias.Schmeisser\AppData\Local\Programs\MiKTeX 2.9\tex/generic/uniqu
ecounter\uniquecounter.sty
Package: uniquecounter 2019/12/15 v1.4 Provide unlimited unique counter (HO)
)
Package uniquecounter Info: New unique counter `rerunfilecheck' on input line 2
86.
)
\Hy@SectionHShift=\skip99
)
(C:\Users\Tobias.Schmeisser\AppData\Local\Programs\MiKTeX 2.9\tex/latex/oberdie
k\hypcap.sty
Package: hypcap 2016/05/16 v1.12 Adjusting the anchors of captions (HO)
)
(C:\Users\Tobias.Schmeisser\AppData\Local\Programs\MiKTeX 2.9\tex/latex/jknappe
n\mathrsfs.sty
Package: mathrsfs 1996/01/01 Math RSFS package v1.0 (jk)
\symrsfs=\mathgroup6
)
(C:\Users\Tobias.Schmeisser\AppData\Local\Programs\MiKTeX 2.9\tex/latex/tabls\t
abls.sty
\tablinesep=\dimen281
\arraylinesep=\dimen282
\extrarulesep=\dimen283
\@arstdepth=\dimen284
\@arstheight=\dimen285
\@skip@bove=\dimen286
)

! LaTeX Error: File `tabu.sty' not found.

Type X to quit or <RETURN> to proceed,
or enter new name. (Default extension: sty)

Enter file name: 
! Emergency stop.
<read *> 
         
l.43 \usepackage
                {booktabs}
*** (cannot \read from terminal in nonstop modes)

 
Here is how much of TeX's memory you used:
 28123 strings out of 479300
 528615 string characters out of 2847696
 1052290 words of memory out of 3000000
 45171 multiletter control sequences out of 15000+200000
 404193 words of font info for 28 fonts, out of 3000000 for 9000
 1141 hyphenation exceptions out of 8191
 87i,0n,89p,520b,196s stack positions out of 5000i,500n,10000p,200000b,50000s
!  ==> Fatal error occurred, no output PDF file produced!
